#
# There is insufficient memory for the Java Runtime Environment to continue.
# Native memory allocation (mmap) failed to map 65536 bytes for Failed to commit metaspace.
# Possible reasons:
#   The system is out of physical RAM or swap space
#   The process is running with CompressedOops enabled, and the Java Heap may be blocking the growth of the native heap
# Possible solutions:
#   Reduce memory load on the system
#   Increase physical memory or swap space
#   Check if swap backing store is full
#   Decrease Java heap size (-Xmx/-Xms)
#   Decrease number of Java threads
#   Decrease Java thread stack sizes (-Xss)
#   Set larger code cache with -XX:ReservedCodeCacheSize=
#   JVM is running with Unscaled Compressed Oops mode in which the Java heap is
#     placed in the first 4GB address space. The Java Heap base address is the
#     maximum limit for the native heap growth. Please use -XX:HeapBaseMinAddress
#     to set the Java Heap base and to place the Java Heap above 4GB virtual address.
# This output file may be truncated or incomplete.
#
#  Out of Memory Error (virtualSpaceNode.cpp:110), pid=14296, tid=1220
#
# JRE version: OpenJDK Runtime Environment JBR-17.0.10+8-1207.12-jcef (17.0.10+8) (build 17.0.10+8-b1207.12)
# Java VM: OpenJDK 64-Bit Server VM JBR-17.0.10+8-1207.12-jcef (17.0.10+8-b1207.12, mixed mode, tiered, compressed oops, compressed class ptrs, g1 gc, windows-amd64)
# No core dump will be written. Minidumps are not enabled by default on client versions of Windows
#

---------------  S U M M A R Y ------------

Command Line: -Djava.rmi.server.hostname=127.0.0.1 -Duser.timezone=UTC -Xmx2048m -Xms128m -Djdbc.classpath=D:\Program Files\JetBrains\IntelliJ IDEA 2023.2.5\plugins\DatabaseTools\lib\jdbc-console.jar;C:\Users\TungV\AppData\Roaming\JetBrains\IntelliJIdea2024.1\jdbc-drivers\MySQL ConnectorJ\8.2.0\com\mysql\mysql-connector-j\8.2.0\mysql-connector-j-8.2.0.jar;C:\Users\TungV\AppData\Roaming\JetBrains\IntelliJIdea2024.1\jdbc-drivers\MySQL ConnectorJ\8.2.0\com\google\protobuf\protobuf-java\3.21.9\protobuf-java-3.21.9.jar --add-exports=java.desktop/sun.awt=ALL-UNNAMED --add-exports=java.desktop/java.awt.peer=ALL-UNNAMED --add-opens=java.desktop/java.awt=ALL-UNNAMED --add-opens=jdk.unsupported/sun.misc=ALL-UNNAMED --add-opens=java.base/java.nio=ALL-UNNAMED --add-opens=java.base/java.util=ALL-UNNAMED -Dfile.encoding=UTF-8 com.intellij.database.remote.RemoteJdbcServer com.mysql.cj.jdbc.Driver

Host: Intel(R) Core(TM) i7-3720QM CPU @ 2.60GHz, 8 cores, 11G,  Windows 10 , 64 bit Build 19041 (10.0.19041.3636)
Time: Sat May 11 16:12:49 2024  Windows 10 , 64 bit Build 19041 (10.0.19041.3636) elapsed time: 0.105623 seconds (0d 0h 0m 0s)

---------------  T H R E A D  ---------------

Current thread (0x00000145d44c2670):  JavaThread "main" [_thread_in_vm, id=1220, stack(0x00000004b0800000,0x00000004b0900000)]

Stack: [0x00000004b0800000,0x00000004b0900000]
Native frames: (J=compiled Java code, j=interpreted, Vv=VM code, C=native code)
V  [jvm.dll+0x687989]
V  [jvm.dll+0x84116a]
V  [jvm.dll+0x842dae]
V  [jvm.dll+0x843413]
V  [jvm.dll+0x249ccf]
V  [jvm.dll+0x83c11b]
V  [jvm.dll+0x62bf36]
V  [jvm.dll+0x62bf9a]
V  [jvm.dll+0x62e7ca]
V  [jvm.dll+0x62c8d6]
V  [jvm.dll+0x246ddc]
V  [jvm.dll+0x6df31d]
V  [jvm.dll+0x6dfd5f]
V  [jvm.dll+0x3771d0]
V  [jvm.dll+0x3761f4]
V  [jvm.dll+0x376198]
V  [jvm.dll+0x81613b]
C  0x00000145df17d581

The last pc belongs to method entry point (kind = native) (printed below).
Java frames: (J=compiled Java code, j=interpreted, Vv=VM code)
j  jdk.internal.misc.Unsafe.ensureClassInitialized0(Ljava/lang/Class;)V+0 java.base@17.0.10
j  jdk.internal.misc.Unsafe.ensureClassInitialized(Ljava/lang/Class;)V+14 java.base@17.0.10
j  java.lang.invoke.LambdaForm.createFormsFor(Ljava/lang/invoke/LambdaForm$BasicType;)V+6 java.base@17.0.10
j  java.lang.invoke.LambdaForm.identityForm(Ljava/lang/invoke/LambdaForm$BasicType;)Ljava/lang/invoke/LambdaForm;+18 java.base@17.0.10
j  java.lang.invoke.MethodHandles.makeIdentity(Ljava/lang/Class;)Ljava/lang/invoke/MethodHandle;+10 java.base@17.0.10
j  java.lang.invoke.MethodHandles.identity(Ljava/lang/Class;)Ljava/lang/invoke/MethodHandle;+41 java.base@17.0.10
j  java.lang.invoke.MethodHandles.constant(Ljava/lang/Class;Ljava/lang/Object;)Ljava/lang/invoke/MethodHandle;+80 java.base@17.0.10
j  java.lang.invoke.InnerClassLambdaMetafactory.buildCallSite()Ljava/lang/invoke/CallSite;+140 java.base@17.0.10
j  java.lang.invoke.LambdaMetafactory.metafactory(Ljava/lang/invoke/MethodHandles$Lookup;Ljava/lang/String;Ljava/lang/invoke/MethodType;Ljava/lang/invoke/MethodType;Ljava/lang/invoke/MethodHandle;Ljava/lang/invoke/MethodType;)Ljava/lang/invoke/CallSite;+67 java.base@17.0.10
j  java.lang.invoke.DirectMethodHandle$Holder.invokeStatic(Ljava/lang/Object;Ljava/lang/Object;Ljava/lang/Object;Ljava/lang/Object;Ljava/lang/Object;Ljava/lang/Object;Ljava/lang/Object;)Ljava/lang/Object;+20 java.base@17.0.10
j  java.lang.invoke.Invokers$Holder.invokeExact_MT(Ljava/lang/Object;Ljava/lang/Object;Ljava/lang/Object;Ljava/lang/Object;Ljava/lang/Object;Ljava/lang/Object;Ljava/lang/Object;Ljava/lang/Object;)Ljava/lang/Object;+28 java.base@17.0.10
j  java.lang.invoke.BootstrapMethodInvoker.invoke(Ljava/lang/Class;Ljava/lang/invoke/MethodHandle;Ljava/lang/String;Ljava/lang/Object;Ljava/lang/Object;Ljava/lang/Class;)Ljava/lang/Object;+319 java.base@17.0.10
j  java.lang.invoke.CallSite.makeSite(Ljava/lang/invoke/MethodHandle;Ljava/lang/String;Ljava/lang/invoke/MethodType;Ljava/lang/Object;Ljava/lang/Class;)Ljava/lang/invoke/CallSite;+8 java.base@17.0.10
j  java.lang.invoke.MethodHandleNatives.linkCallSiteImpl(Ljava/lang/Class;Ljava/lang/invoke/MethodHandle;Ljava/lang/String;Ljava/lang/invoke/MethodType;Ljava/lang/Object;[Ljava/lang/Object;)Ljava/lang/invoke/MemberName;+6 java.base@17.0.10
j  java.lang.invoke.MethodHandleNatives.linkCallSite(Ljava/lang/Object;ILjava/lang/Object;Ljava/lang/Object;Ljava/lang/Object;Ljava/lang/Object;[Ljava/lang/Object;)Ljava/lang/invoke/MemberName;+46 java.base@17.0.10
v  ~StubRoutines::call_stub
j  jdk.internal.module.ModuleBootstrap.decode(Ljava/lang/String;Ljava/lang/String;Z)Ljava/util/Map;+193 java.base@17.0.10
j  jdk.internal.module.ModuleBootstrap.decode(Ljava/lang/String;)Ljava/util/Map;+5 java.base@17.0.10
j  jdk.internal.module.ModuleBootstrap.addExtraExportsAndOpens(Ljava/lang/ModuleLayer;)Z+7 java.base@17.0.10
j  jdk.internal.module.ModuleBootstrap.boot2()Ljava/lang/ModuleLayer;+1240 java.base@17.0.10
j  jdk.internal.module.ModuleBootstrap.boot()Ljava/lang/ModuleLayer;+64 java.base@17.0.10
j  java.lang.System.initPhase2(ZZ)I+0 java.base@17.0.10
v  ~StubRoutines::call_stub
method entry point (kind = native)  [0x00000145df17d1a0, 0x00000145df17db20]  2432 bytes
[MachCode]
  0x00000145df17d1a0: 488b 4b08 | 0fb7 492c | 584c 8d74 | ccf8 6800 | 0000 0068 | 0000 0000 | 5055 488b | ec41 5568 
  0x00000145df17d1c0: 0000 0000 | 4c8b 6b08 | 4d8d 6d30 | 5348 8b53 | 0848 8b52 | 0848 8b52 | 1848 8b52 | 7048 8b12 
  0x00000145df17d1e0: 5248 8b53 | 1048 85d2 | 0f84 0700 | 0000 4881 | c208 0100 | 0052 488b | 5308 488b | 5208 488b 
  0x00000145df17d200: 5210 5241 | 5668 0000 | 0000 6800 | 0000 0048 | 8924 2441 | c687 7903 | 0000 0148 | 8b43 1048 
  0x00000145df17d220: 85c0 7420 | 8b88 cc00 | 0000 83c1 | 0289 88cc | 0000 0023 | 88e0 0000 | 000f 842f | 0800 00e9 
  0x00000145df17d240: d100 0000 | 488b 4318 | 4885 c00f | 85b2 0000 | 00e8 0500 | 0000 e99b | 0000 0048 | 8bd3 488d 
  0x00000145df17d260: 4424 084c | 896d c049 | 8bcf c5f8 | 7749 89af | a802 0000 | 4989 8798 | 0200 0048 | 83ec 20f7 
  0x00000145df17d280: c40f 0000 | 000f 841a | 0000 0048 | 83ec 0849 | ba90 6a8b | c5f9 7f00 | 0041 ffd2 | 4883 c408 
  0x00000145df17d2a0: e90d 0000 | 0049 ba90 | 6a8b c5f9 | 7f00 0041 | ffd2 4883 | c420 49c7 | 8798 0200 | 0000 0000 
  0x00000145df17d2c0: 0049 c787 | a802 0000 | 0000 0000 | 49c7 87a0 | 0200 0000 | 0000 00c5 | f877 4981 | 7f08 0000 
  0x00000145df17d2e0: 0000 0f84 | 0500 0000 | e913 3cff | ff4c 8b6d | c04c 8b75 | c8c3 488b | 4318 4885 | c00f 8412 
  0x00000145df17d300: 0000 008b | 4808 83c1 | 0289 4808 | 2348 200f | 8459 0700 | 0089 8424 | 0090 ffff | 41c6 8779 
  0x00000145df17d320: 0300 0000 | 49ba e829 | 0cc6 f97f | 0000 4180 | 3a00 0f84 | 4200 0000 | 488b 55e8 | 498b cf48 
  0x00000145df17d340: 83ec 20f7 | c40f 0000 | 000f 841a | 0000 0048 | 83ec 0849 | ba00 e2c1 | c5f9 7f00 | 0041 ffd2 
  0x00000145df17d360: 4883 c408 | e90d 0000 | 0049 ba00 | e2c1 c5f9 | 7f00 0041 | ffd2 4883 | c420 488b | 5de8 4c8b 
  0x00000145df17d380: 5b08 450f | b75b 2c41 | c1e3 0349 | 2be3 4883 | ec20 4883 | e4f0 4c8b | 5b70 4d85 | db0f 85ad 
  0x00000145df17d3a0: 0000 00e8 | 0500 0000 | e99b 0000 | 0048 8bd3 | 488d 4424 | 084c 896d | c049 8bcf | c5f8 7749 
  0x00000145df17d3c0: 89af a802 | 0000 4989 | 8798 0200 | 0048 83ec | 20f7 c40f | 0000 000f | 841a 0000 | 0048 83ec 
  0x00000145df17d3e0: 0849 ba20 | 968b c5f9 | 7f00 0041 | ffd2 4883 | c408 e90d | 0000 0049 | ba20 968b | c5f9 7f00 
  0x00000145df17d400: 0041 ffd2 | 4883 c420 | 49c7 8798 | 0200 0000 | 0000 0049 | c787 a802 | 0000 0000 | 0000 49c7 
  0x00000145df17d420: 87a0 0200 | 0000 0000 | 00c5 f877 | 4981 7f08 | 0000 0000 | 0f84 0500 | 0000 e9c1 | 3aff ff4c 
  0x00000145df17d440: 8b6d c04c | 8b75 c8c3 | 488b 5de8 | 4c8b 5b70 | 41ff d348 | 8b5d e848 | 8945 1844 | 8b5b 2841 
  0x00000145df17d460: f7c3 0800 | 0000 0f84 | 1b00 0000 | 4c8b 5b08 | 4d8b 5b08 | 4d8b 5b18 | 4d8b 5b70 | 4d8b 1b4c 
  0x00000145df17d480: 895d 1048 | 8d55 1048 | 8b43 6849 | bad0 30c2 | c5f9 7f00 | 0049 3bc2 | 0f85 ad00 | 0000 e805 
  0x00000145df17d4a0: 0000 00e9 | 9b00 0000 | 488b d348 | 8d44 2408 | 4c89 6dc0 | 498b cfc5 | f877 4989 | afa8 0200 
  0x00000145df17d4c0: 0049 8987 | 9802 0000 | 4883 ec20 | f7c4 0f00 | 0000 0f84 | 1a00 0000 | 4883 ec08 | 49ba 2096 
  0x00000145df17d4e0: 8bc5 f97f | 0000 41ff | d248 83c4 | 08e9 0d00 | 0000 49ba | 2096 8bc5 | f97f 0000 | 41ff d248 
  0x00000145df17d500: 83c4 2049 | c787 9802 | 0000 0000 | 0000 49c7 | 87a8 0200 | 0000 0000 | 0049 c787 | a002 0000 
  0x00000145df17d520: 0000 0000 | c5f8 7749 | 817f 0800 | 0000 000f | 8405 0000 | 00e9 c639 | ffff 4c8b | 6dc0 4c8b 
  0x00000145df17d540: 75c8 c348 | 8b5d e848 | 8b43 6849 | 8d8f b802 | 0000 c5f8 | 7749 89af | a802 0000 | 49ba 52d5 
  0x00000145df17d560: 17df 4501 | 0000 4d89 | 97a0 0200 | 0049 89a7 | 9802 0000 | 41c7 8748 | 0300 0004 | 0000 00ff 
  0x00000145df17d580: d0c5 f877 | 4883 ec10 | c5fb 1104 | 2448 83ec | 1048 8904 | 2448 c744 | 2408 0000 | 0000 41c7 
  0x00000145df17d5a0: 8748 0300 | 0005 0000 | 00f0 8344 | 24c0 0049 | 3baf 5003 | 0000 0f87 | 1100 0000 | 4181 bf38 
  0x00000145df17d5c0: 0300 0000 | 0000 000f | 8421 0000 | 0049 8bcf | 4c8b e448 | 83ec 2048 | 83e4 f049 | bad0 fcd1 
  0x00000145df17d5e0: c5f9 7f00 | 0041 ffd2 | 498b e44d | 33e4 41c7 | 8748 0300 | 0008 0000 | 0049 c787 | 9802 0000 
  0x00000145df17d600: 0000 0000 | 49c7 87a8 | 0200 0000 | 0000 0049 | c787 a002 | 0000 0000 | 0000 c5f8 | 774d 8b9f 
  0x00000145df17d620: d800 0000 | 41c7 8300 | 0100 0000 | 0000 0049 | bb5b af17 | df45 0100 | 004c 3b5d | 180f 85b9 
  0x00000145df17d640: 0000 0048 | 8b04 2448 | 83c4 1048 | 85c0 0f84 | 9300 0000 | 48f7 c001 | 0000 000f | 8483 0000 
  0x00000145df17d660: 0048 8b40 | ff41 807f | 3800 0f84 | 6f00 0000 | 4883 f800 | 0f84 6500 | 0000 4d8b | 5f20 4983 
  0x00000145df17d680: fb00 0f84 | 1400 0000 | 4983 eb08 | 4d89 5f20 | 4d03 5f30 | 4989 03e9 | 4300 0000 | 5049 8bd7 
  0x00000145df17d6a0: 488b c848 | 83ec 20f7 | c40f 0000 | 000f 841a | 0000 0048 | 83ec 0849 | ba10 6e80 | c5f9 7f00 
  0x00000145df17d6c0: 0041 ffd2 | 4883 c408 | e90d 0000 | 0049 ba10 | 6e80 c5f9 | 7f00 0041 | ffd2 4883 | c420 58e9 
  0x00000145df17d6e0: 0300 0000 | 488b 0048 | 8945 1048 | 83ec 1048 | 8904 2448 | c744 2408 | 0000 0000 | 4181 bfb8 
  0x00000145df17d700: 0300 0002 | 0000 000f | 85c0 0000 | 0048 81ec | 8000 0000 | 4889 4424 | 7848 894c | 2470 4889 
  0x00000145df17d720: 5424 6848 | 895c 2460 | 4889 6c24 | 5048 8974 | 2448 4889 | 7c24 404c | 8944 2438 | 4c89 4c24 
  0x00000145df17d740: 304c 8954 | 2428 4c89 | 5c24 204c | 8964 2418 | 4c89 6c24 | 104c 8974 | 2408 4c89 | 3c24 4c8b 
  0x00000145df17d760: e448 83ec | 2048 83e4 | f049 ba80 | 12c2 c5f9 | 7f00 0041 | ffd2 498b | e44c 8b3c | 244c 8b74 
  0x00000145df17d780: 2408 4c8b | 6c24 104c | 8b64 2418 | 4c8b 5c24 | 204c 8b54 | 2428 4c8b | 4c24 304c | 8b44 2438 
  0x00000145df17d7a0: 488b 7c24 | 4048 8b74 | 2448 488b | 6c24 5048 | 8b5c 2460 | 488b 5424 | 6848 8b4c | 2470 488b 
  0x00000145df17d7c0: 4424 7848 | 81c4 8000 | 0000 4d33 | e448 8b5d | e84c 8b6b | 084d 8d6d | 3049 817f | 0800 0000 
  0x00000145df17d7e0: 000f 84be | 0000 00e8 | 0500 0000 | e998 0000 | 0048 8d44 | 2408 4c89 | 6dc0 498b | cfc5 f877 
  0x00000145df17d800: 4989 afa8 | 0200 0049 | 8987 9802 | 0000 4883 | ec20 f7c4 | 0f00 0000 | 0f84 1a00 | 0000 4883 
  0x00000145df17d820: ec08 49ba | 60b4 8bc5 | f97f 0000 | 41ff d248 | 83c4 08e9 | 0d00 0000 | 49ba 60b4 | 8bc5 f97f 
  0x00000145df17d840: 0000 41ff | d248 83c4 | 2049 c787 | 9802 0000 | 0000 0000 | 49c7 87a8 | 0200 0000 | 0000 0049 
  0x00000145df17d860: c787 a002 | 0000 0000 | 0000 c5f8 | 7749 817f | 0800 0000 | 000f 8405 | 0000 00e9 | 8036 ffff 
  0x00000145df17d880: 4c8b 6dc0 | 4c8b 75c8 | c348 b9a0 | 6de6 c5f9 | 7f00 0048 | 83e4 f049 | ba80 cfae | c5f9 7f00 
  0x00000145df17d8a0: 0041 ffd2 | f444 8b5b | 2841 f7c3 | 2000 0000 | 0f84 3f01 | 0000 488d | 55a8 4c8b | 5a08 4d85 
  0x00000145df17d8c0: db0f 85be | 0000 00e8 | 0500 0000 | e998 0000 | 0048 8d44 | 2408 4c89 | 6dc0 498b | cfc5 f877 
  0x00000145df17d8e0: 4989 afa8 | 0200 0049 | 8987 9802 | 0000 4883 | ec20 f7c4 | 0f00 0000 | 0f84 1a00 | 0000 4883 
  0x00000145df17d900: ec08 49ba | 80b3 8bc5 | f97f 0000 | 41ff d248 | 83c4 08e9 | 0d00 0000 | 49ba 80b3 | 8bc5 f97f 
  0x00000145df17d920: 0000 41ff | d248 83c4 | 2049 c787 | 9802 0000 | 0000 0000 | 49c7 87a8 | 0200 0000 | 0000 0049 
  0x00000145df17d940: c787 a002 | 0000 0000 | 0000 c5f8 | 7749 817f | 0800 0000 | 000f 8405 | 0000 00e9 | a035 ffff 
  0x00000145df17d960: 4c8b 6dc0 | 4c8b 75c8 | c348 b9a0 | 6de6 c5f9 | 7f00 0048 | 83e4 f049 | ba80 cfae | c5f9 7f00 
  0x00000145df17d980: 0041 ffd2 | f44c 896d | c048 8d02 | 4c8b 4a08 | 48c7 4208 | 0000 0000 | 4c8b 004d | 85c0 0f84 
  0x00000145df17d9a0: 4d00 0000 | f04d 0fb1 | 010f 8442 | 0000 004c | 894a 0848 | 8bca 4883 | ec20 f7c4 | 0f00 0000 
  0x00000145df17d9c0: 0f84 1a00 | 0000 4883 | ec08 49ba | 9085 8bc5 | f97f 0000 | 41ff d248 | 83c4 08e9 | 0d00 0000 
  0x00000145df17d9e0: 49ba 9085 | 8bc5 f97f | 0000 41ff | d248 83c4 | 204c 8b6d | c049 bae8 | 290c c6f9 | 7f00 0041 
  0x00000145df17da00: 803a 000f | 8442 0000 | 0048 8b55 | e849 8bcf | 4883 ec20 | f7c4 0f00 | 0000 0f84 | 1a00 0000 
  0x00000145df17da20: 4883 ec08 | 49ba 00e2 | c1c5 f97f | 0000 41ff | d248 83c4 | 08e9 0d00 | 0000 49ba | 00e2 c1c5 
  0x00000145df17da40: f97f 0000 | 41ff d248 | 83c4 2048 | 8b04 2448 | 83c4 10c5 | fb10 0424 | 4883 c410 | 4c8b 5d18 
  0x00000145df17da60: 41ff d34c | 8b5d f8c9 | 5f49 8be3 | ffe7 ba00 | 0000 00e8 | 0500 0000 | e998 0000 | 0048 8d44 
  0x00000145df17da80: 2408 4c89 | 6dc0 498b | cfc5 f877 | 4989 afa8 | 0200 0049 | 8987 9802 | 0000 4883 | ec20 f7c4 
  0x00000145df17daa0: 0f00 0000 | 0f84 1a00 | 0000 4883 | ec08 49ba | 8075 8bc5 | f97f 0000 | 41ff d248 | 83c4 08e9 
  0x00000145df17dac0: 0d00 0000 | 49ba 8075 | 8bc5 f97f | 0000 41ff | d248 83c4 | 2049 c787 | 9802 0000 | 0000 0000 
  0x00000145df17dae0: 49c7 87a8 | 0200 0000 | 0000 0049 | c787 a002 | 0000 0000 | 0000 c5f8 | 7749 817f | 0800 0000 
  0x00000145df17db00: 000f 8405 | 0000 00e9 | f433 ffff | 4c8b 6dc0 | 4c8b 75c8 | c348 8b5d | e8e9 f7f7 | ffff 6690 
[/MachCode]

---------------  P R O C E S S  ---------------

Threads class SMR info:
_java_thread_list=0x00000145ee765590, length=10, elements={
0x00000145d44c2670, 0x00000145ee5e0750, 0x00000145ee5e14e0, 0x00000145ee740a00,
0x00000145ee7413d0, 0x00000145ee741ca0, 0x00000145ee7530c0, 0x00000145ee7544e0,
0x00000145ee760300, 0x00000145ee764c30
}

Java Threads: ( => current thread )
=>0x00000145d44c2670 JavaThread "main" [_thread_in_vm, id=1220, stack(0x00000004b0800000,0x00000004b0900000)]
  0x00000145ee5e0750 JavaThread "Reference Handler" daemon [_thread_blocked, id=4620, stack(0x00000004b0f00000,0x00000004b1000000)]
  0x00000145ee5e14e0 JavaThread "Finalizer" daemon [_thread_blocked, id=4928, stack(0x00000004b1000000,0x00000004b1100000)]
  0x00000145ee740a00 JavaThread "Signal Dispatcher" daemon [_thread_blocked, id=15676, stack(0x00000004b1100000,0x00000004b1200000)]
  0x00000145ee7413d0 JavaThread "Attach Listener" daemon [_thread_blocked, id=15260, stack(0x00000004b1200000,0x00000004b1300000)]
  0x00000145ee741ca0 JavaThread "Service Thread" daemon [_thread_blocked, id=6668, stack(0x00000004b1300000,0x00000004b1400000)]
  0x00000145ee7530c0 JavaThread "Monitor Deflation Thread" daemon [_thread_blocked, id=13180, stack(0x00000004b1400000,0x00000004b1500000)]
  0x00000145ee7544e0 JavaThread "C2 CompilerThread0" daemon [_thread_blocked, id=15488, stack(0x00000004b1500000,0x00000004b1600000)]
  0x00000145ee760300 JavaThread "C1 CompilerThread0" daemon [_thread_blocked, id=976, stack(0x00000004b1600000,0x00000004b1700000)]
  0x00000145ee764c30 JavaThread "Sweeper thread" daemon [_thread_blocked, id=8748, stack(0x00000004b1700000,0x00000004b1800000)]

Other Threads:
  0x00000145ee5d8b00 VMThread "VM Thread" [stack: 0x00000004b0e00000,0x00000004b0f00000] [id=8676]
  0x00000145d451eee0 GCTaskThread "GC Thread#0" [stack: 0x00000004b0900000,0x00000004b0a00000] [id=2212]
  0x00000145d452fd40 ConcurrentGCThread "G1 Main Marker" [stack: 0x00000004b0a00000,0x00000004b0b00000] [id=12300]
  0x00000145d4530e10 ConcurrentGCThread "G1 Conc#0" [stack: 0x00000004b0b00000,0x00000004b0c00000] [id=7996]
  0x00000145ee42a100 ConcurrentGCThread "G1 Refine#0" [stack: 0x00000004b0c00000,0x00000004b0d00000] [id=1868]
  0x00000145ee42aa40 ConcurrentGCThread "G1 Service" [stack: 0x00000004b0d00000,0x00000004b0e00000] [id=3648]

Threads with active compile tasks:

VM state: not at safepoint (normal execution)

VM Mutex/Monitor currently owned by a thread:  ([mutex/lock_event])
[0x00000145d44bbe30] Metaspace_lock - owner thread: 0x00000145d44c2670

Heap address: 0x0000000080000000, size: 2048 MB, Compressed Oops mode: 32-bit

CDS archive(s) not mapped
Compressed class space mapped at: 0x0000000100000000-0x0000000140000000, reserved size: 1073741824
Narrow klass base: 0x0000000000000000, Narrow klass shift: 3, Narrow klass range: 0x140000000

GC Precious Log:
 CPUs: 8 total, 8 available
 Memory: 12219M
 Large Page Support: Disabled
 NUMA Support: Disabled
 Compressed Oops: Enabled (32-bit)
 Heap Region Size: 1M
 Heap Min Capacity: 128M
 Heap Initial Capacity: 128M
 Heap Max Capacity: 2G
 Pre-touch: Disabled
 Parallel Workers: 8
 Concurrent Workers: 2
 Concurrent Refinement Workers: 8
 Periodic GC: Disabled

Heap:
 garbage-first heap   total 131072K, used 1024K [0x0000000080000000, 0x0000000100000000)
  region size 1024K, 2 young (2048K), 0 survivors (0K)
 Metaspace       used 4296K, committed 4352K, reserved 1114112K
  class space    used 329K, committed 384K, reserved 1048576K

Heap Regions: E=young(eden), S=young(survivor), O=old, HS=humongous(starts), HC=humongous(continues), CS=collection set, F=free, OA=open archive, CA=closed archive, TAMS=top-at-mark-start (previous, next)
|   0|0x0000000080000000, 0x0000000080000000, 0x0000000080100000|  0%| F|  |TAMS 0x0000000080000000, 0x0000000080000000| Untracked 
|   1|0x0000000080100000, 0x0000000080100000, 0x0000000080200000|  0%| F|  |TAMS 0x0000000080100000, 0x0000000080100000| Untracked 
|   2|0x0000000080200000, 0x0000000080200000, 0x0000000080300000|  0%| F|  |TAMS 0x0000000080200000, 0x0000000080200000| Untracked 
|   3|0x0000000080300000, 0x0000000080300000, 0x0000000080400000|  0%| F|  |TAMS 0x0000000080300000, 0x0000000080300000| Untracked 
|   4|0x0000000080400000, 0x0000000080400000, 0x0000000080500000|  0%| F|  |TAMS 0x0000000080400000, 0x0000000080400000| Untracked 
|   5|0x0000000080500000, 0x0000000080500000, 0x0000000080600000|  0%| F|  |TAMS 0x0000000080500000, 0x0000000080500000| Untracked 
|   6|0x0000000080600000, 0x0000000080600000, 0x0000000080700000|  0%| F|  |TAMS 0x0000000080600000, 0x0000000080600000| Untracked 
|   7|0x0000000080700000, 0x0000000080700000, 0x0000000080800000|  0%| F|  |TAMS 0x0000000080700000, 0x0000000080700000| Untracked 
|   8|0x0000000080800000, 0x0000000080800000, 0x0000000080900000|  0%| F|  |TAMS 0x0000000080800000, 0x0000000080800000| Untracked 
|   9|0x0000000080900000, 0x0000000080900000, 0x0000000080a00000|  0%| F|  |TAMS 0x0000000080900000, 0x0000000080900000| Untracked 
|  10|0x0000000080a00000, 0x0000000080a00000, 0x0000000080b00000|  0%| F|  |TAMS 0x0000000080a00000, 0x0000000080a00000| Untracked 
|  11|0x0000000080b00000, 0x0000000080b00000, 0x0000000080c00000|  0%| F|  |TAMS 0x0000000080b00000, 0x0000000080b00000| Untracked 
|  12|0x0000000080c00000, 0x0000000080c00000, 0x0000000080d00000|  0%| F|  |TAMS 0x0000000080c00000, 0x0000000080c00000| Untracked 
|  13|0x0000000080d00000, 0x0000000080d00000, 0x0000000080e00000|  0%| F|  |TAMS 0x0000000080d00000, 0x0000000080d00000| Untracked 
|  14|0x0000000080e00000, 0x0000000080e00000, 0x0000000080f00000|  0%| F|  |TAMS 0x0000000080e00000, 0x0000000080e00000| Untracked 
|  15|0x0000000080f00000, 0x0000000080f00000, 0x0000000081000000|  0%| F|  |TAMS 0x0000000080f00000, 0x0000000080f00000| Untracked 
|  16|0x0000000081000000, 0x0000000081000000, 0x0000000081100000|  0%| F|  |TAMS 0x0000000081000000, 0x0000000081000000| Untracked 
|  17|0x0000000081100000, 0x0000000081100000, 0x0000000081200000|  0%| F|  |TAMS 0x0000000081100000, 0x0000000081100000| Untracked 
|  18|0x0000000081200000, 0x0000000081200000, 0x0000000081300000|  0%| F|  |TAMS 0x0000000081200000, 0x0000000081200000| Untracked 
|  19|0x0000000081300000, 0x0000000081300000, 0x0000000081400000|  0%| F|  |TAMS 0x0000000081300000, 0x0000000081300000| Untracked 
|  20|0x0000000081400000, 0x0000000081400000, 0x0000000081500000|  0%| F|  |TAMS 0x0000000081400000, 0x0000000081400000| Untracked 
|  21|0x0000000081500000, 0x0000000081500000, 0x0000000081600000|  0%| F|  |TAMS 0x0000000081500000, 0x0000000081500000| Untracked 
|  22|0x0000000081600000, 0x0000000081600000, 0x0000000081700000|  0%| F|  |TAMS 0x0000000081600000, 0x0000000081600000| Untracked 
|  23|0x0000000081700000, 0x0000000081700000, 0x0000000081800000|  0%| F|  |TAMS 0x0000000081700000, 0x0000000081700000| Untracked 
|  24|0x0000000081800000, 0x0000000081800000, 0x0000000081900000|  0%| F|  |TAMS 0x0000000081800000, 0x0000000081800000| Untracked 
|  25|0x0000000081900000, 0x0000000081900000, 0x0000000081a00000|  0%| F|  |TAMS 0x0000000081900000, 0x0000000081900000| Untracked 
|  26|0x0000000081a00000, 0x0000000081a00000, 0x0000000081b00000|  0%| F|  |TAMS 0x0000000081a00000, 0x0000000081a00000| Untracked 
|  27|0x0000000081b00000, 0x0000000081b00000, 0x0000000081c00000|  0%| F|  |TAMS 0x0000000081b00000, 0x0000000081b00000| Untracked 
|  28|0x0000000081c00000, 0x0000000081c00000, 0x0000000081d00000|  0%| F|  |TAMS 0x0000000081c00000, 0x0000000081c00000| Untracked 
|  29|0x0000000081d00000, 0x0000000081d00000, 0x0000000081e00000|  0%| F|  |TAMS 0x0000000081d00000, 0x0000000081d00000| Untracked 
|  30|0x0000000081e00000, 0x0000000081e00000, 0x0000000081f00000|  0%| F|  |TAMS 0x0000000081e00000, 0x0000000081e00000| Untracked 
|  31|0x0000000081f00000, 0x0000000081f00000, 0x0000000082000000|  0%| F|  |TAMS 0x0000000081f00000, 0x0000000081f00000| Untracked 
|  32|0x0000000082000000, 0x0000000082000000, 0x0000000082100000|  0%| F|  |TAMS 0x0000000082000000, 0x0000000082000000| Untracked 
|  33|0x0000000082100000, 0x0000000082100000, 0x0000000082200000|  0%| F|  |TAMS 0x0000000082100000, 0x0000000082100000| Untracked 
|  34|0x0000000082200000, 0x0000000082200000, 0x0000000082300000|  0%| F|  |TAMS 0x0000000082200000, 0x0000000082200000| Untracked 
|  35|0x0000000082300000, 0x0000000082300000, 0x0000000082400000|  0%| F|  |TAMS 0x0000000082300000, 0x0000000082300000| Untracked 
|  36|0x0000000082400000, 0x0000000082400000, 0x0000000082500000|  0%| F|  |TAMS 0x0000000082400000, 0x0000000082400000| Untracked 
|  37|0x0000000082500000, 0x0000000082500000, 0x0000000082600000|  0%| F|  |TAMS 0x0000000082500000, 0x0000000082500000| Untracked 
|  38|0x0000000082600000, 0x0000000082600000, 0x0000000082700000|  0%| F|  |TAMS 0x0000000082600000, 0x0000000082600000| Untracked 
|  39|0x0000000082700000, 0x0000000082700000, 0x0000000082800000|  0%| F|  |TAMS 0x0000000082700000, 0x0000000082700000| Untracked 
|  40|0x0000000082800000, 0x0000000082800000, 0x0000000082900000|  0%| F|  |TAMS 0x0000000082800000, 0x0000000082800000| Untracked 
|  41|0x0000000082900000, 0x0000000082900000, 0x0000000082a00000|  0%| F|  |TAMS 0x0000000082900000, 0x0000000082900000| Untracked 
|  42|0x0000000082a00000, 0x0000000082a00000, 0x0000000082b00000|  0%| F|  |TAMS 0x0000000082a00000, 0x0000000082a00000| Untracked 
|  43|0x0000000082b00000, 0x0000000082b00000, 0x0000000082c00000|  0%| F|  |TAMS 0x0000000082b00000, 0x0000000082b00000| Untracked 
|  44|0x0000000082c00000, 0x0000000082c00000, 0x0000000082d00000|  0%| F|  |TAMS 0x0000000082c00000, 0x0000000082c00000| Untracked 
|  45|0x0000000082d00000, 0x0000000082d00000, 0x0000000082e00000|  0%| F|  |TAMS 0x0000000082d00000, 0x0000000082d00000| Untracked 
|  46|0x0000000082e00000, 0x0000000082e00000, 0x0000000082f00000|  0%| F|  |TAMS 0x0000000082e00000, 0x0000000082e00000| Untracked 
|  47|0x0000000082f00000, 0x0000000082f00000, 0x0000000083000000|  0%| F|  |TAMS 0x0000000082f00000, 0x0000000082f00000| Untracked 
|  48|0x0000000083000000, 0x0000000083000000, 0x0000000083100000|  0%| F|  |TAMS 0x0000000083000000, 0x0000000083000000| Untracked 
|  49|0x0000000083100000, 0x0000000083100000, 0x0000000083200000|  0%| F|  |TAMS 0x0000000083100000, 0x0000000083100000| Untracked 
|  50|0x0000000083200000, 0x0000000083200000, 0x0000000083300000|  0%| F|  |TAMS 0x0000000083200000, 0x0000000083200000| Untracked 
|  51|0x0000000083300000, 0x0000000083300000, 0x0000000083400000|  0%| F|  |TAMS 0x0000000083300000, 0x0000000083300000| Untracked 
|  52|0x0000000083400000, 0x0000000083400000, 0x0000000083500000|  0%| F|  |TAMS 0x0000000083400000, 0x0000000083400000| Untracked 
|  53|0x0000000083500000, 0x0000000083500000, 0x0000000083600000|  0%| F|  |TAMS 0x0000000083500000, 0x0000000083500000| Untracked 
|  54|0x0000000083600000, 0x0000000083600000, 0x0000000083700000|  0%| F|  |TAMS 0x0000000083600000, 0x0000000083600000| Untracked 
|  55|0x0000000083700000, 0x0000000083700000, 0x0000000083800000|  0%| F|  |TAMS 0x0000000083700000, 0x0000000083700000| Untracked 
|  56|0x0000000083800000, 0x0000000083800000, 0x0000000083900000|  0%| F|  |TAMS 0x0000000083800000, 0x0000000083800000| Untracked 
|  57|0x0000000083900000, 0x0000000083900000, 0x0000000083a00000|  0%| F|  |TAMS 0x0000000083900000, 0x0000000083900000| Untracked 
|  58|0x0000000083a00000, 0x0000000083a00000, 0x0000000083b00000|  0%| F|  |TAMS 0x0000000083a00000, 0x0000000083a00000| Untracked 
|  59|0x0000000083b00000, 0x0000000083b00000, 0x0000000083c00000|  0%| F|  |TAMS 0x0000000083b00000, 0x0000000083b00000| Untracked 
|  60|0x0000000083c00000, 0x0000000083c00000, 0x0000000083d00000|  0%| F|  |TAMS 0x0000000083c00000, 0x0000000083c00000| Untracked 
|  61|0x0000000083d00000, 0x0000000083d00000, 0x0000000083e00000|  0%| F|  |TAMS 0x0000000083d00000, 0x0000000083d00000| Untracked 
|  62|0x0000000083e00000, 0x0000000083e00000, 0x0000000083f00000|  0%| F|  |TAMS 0x0000000083e00000, 0x0000000083e00000| Untracked 
|  63|0x0000000083f00000, 0x0000000083f00000, 0x0000000084000000|  0%| F|  |TAMS 0x0000000083f00000, 0x0000000083f00000| Untracked 
|  64|0x0000000084000000, 0x0000000084000000, 0x0000000084100000|  0%| F|  |TAMS 0x0000000084000000, 0x0000000084000000| Untracked 
|  65|0x0000000084100000, 0x0000000084100000, 0x0000000084200000|  0%| F|  |TAMS 0x0000000084100000, 0x0000000084100000| Untracked 
|  66|0x0000000084200000, 0x0000000084200000, 0x0000000084300000|  0%| F|  |TAMS 0x0000000084200000, 0x0000000084200000| Untracked 
|  67|0x0000000084300000, 0x0000000084300000, 0x0000000084400000|  0%| F|  |TAMS 0x0000000084300000, 0x0000000084300000| Untracked 
|  68|0x0000000084400000, 0x0000000084400000, 0x0000000084500000|  0%| F|  |TAMS 0x0000000084400000, 0x0000000084400000| Untracked 
|  69|0x0000000084500000, 0x0000000084500000, 0x0000000084600000|  0%| F|  |TAMS 0x0000000084500000, 0x0000000084500000| Untracked 
|  70|0x0000000084600000, 0x0000000084600000, 0x0000000084700000|  0%| F|  |TAMS 0x0000000084600000, 0x0000000084600000| Untracked 
|  71|0x0000000084700000, 0x0000000084700000, 0x0000000084800000|  0%| F|  |TAMS 0x0000000084700000, 0x0000000084700000| Untracked 
|  72|0x0000000084800000, 0x0000000084800000, 0x0000000084900000|  0%| F|  |TAMS 0x0000000084800000, 0x0000000084800000| Untracked 
|  73|0x0000000084900000, 0x0000000084900000, 0x0000000084a00000|  0%| F|  |TAMS 0x0000000084900000, 0x0000000084900000| Untracked 
|  74|0x0000000084a00000, 0x0000000084a00000, 0x0000000084b00000|  0%| F|  |TAMS 0x0000000084a00000, 0x0000000084a00000| Untracked 
|  75|0x0000000084b00000, 0x0000000084b00000, 0x0000000084c00000|  0%| F|  |TAMS 0x0000000084b00000, 0x0000000084b00000| Untracked 
|  76|0x0000000084c00000, 0x0000000084c00000, 0x0000000084d00000|  0%| F|  |TAMS 0x0000000084c00000, 0x0000000084c00000| Untracked 
|  77|0x0000000084d00000, 0x0000000084d00000, 0x0000000084e00000|  0%| F|  |TAMS 0x0000000084d00000, 0x0000000084d00000| Untracked 
|  78|0x0000000084e00000, 0x0000000084e00000, 0x0000000084f00000|  0%| F|  |TAMS 0x0000000084e00000, 0x0000000084e00000| Untracked 
|  79|0x0000000084f00000, 0x0000000084f00000, 0x0000000085000000|  0%| F|  |TAMS 0x0000000084f00000, 0x0000000084f00000| Untracked 
|  80|0x0000000085000000, 0x0000000085000000, 0x0000000085100000|  0%| F|  |TAMS 0x0000000085000000, 0x0000000085000000| Untracked 
|  81|0x0000000085100000, 0x0000000085100000, 0x0000000085200000|  0%| F|  |TAMS 0x0000000085100000, 0x0000000085100000| Untracked 
|  82|0x0000000085200000, 0x0000000085200000, 0x0000000085300000|  0%| F|  |TAMS 0x0000000085200000, 0x0000000085200000| Untracked 
|  83|0x0000000085300000, 0x0000000085300000, 0x0000000085400000|  0%| F|  |TAMS 0x0000000085300000, 0x0000000085300000| Untracked 
|  84|0x0000000085400000, 0x0000000085400000, 0x0000000085500000|  0%| F|  |TAMS 0x0000000085400000, 0x0000000085400000| Untracked 
|  85|0x0000000085500000, 0x0000000085500000, 0x0000000085600000|  0%| F|  |TAMS 0x0000000085500000, 0x0000000085500000| Untracked 
|  86|0x0000000085600000, 0x0000000085600000, 0x0000000085700000|  0%| F|  |TAMS 0x0000000085600000, 0x0000000085600000| Untracked 
|  87|0x0000000085700000, 0x0000000085700000, 0x0000000085800000|  0%| F|  |TAMS 0x0000000085700000, 0x0000000085700000| Untracked 
|  88|0x0000000085800000, 0x0000000085800000, 0x0000000085900000|  0%| F|  |TAMS 0x0000000085800000, 0x0000000085800000| Untracked 
|  89|0x0000000085900000, 0x0000000085900000, 0x0000000085a00000|  0%| F|  |TAMS 0x0000000085900000, 0x0000000085900000| Untracked 
|  90|0x0000000085a00000, 0x0000000085a00000, 0x0000000085b00000|  0%| F|  |TAMS 0x0000000085a00000, 0x0000000085a00000| Untracked 
|  91|0x0000000085b00000, 0x0000000085b00000, 0x0000000085c00000|  0%| F|  |TAMS 0x0000000085b00000, 0x0000000085b00000| Untracked 
|  92|0x0000000085c00000, 0x0000000085c00000, 0x0000000085d00000|  0%| F|  |TAMS 0x0000000085c00000, 0x0000000085c00000| Untracked 
|  93|0x0000000085d00000, 0x0000000085d00000, 0x0000000085e00000|  0%| F|  |TAMS 0x0000000085d00000, 0x0000000085d00000| Untracked 
|  94|0x0000000085e00000, 0x0000000085e00000, 0x0000000085f00000|  0%| F|  |TAMS 0x0000000085e00000, 0x0000000085e00000| Untracked 
|  95|0x0000000085f00000, 0x0000000085f00000, 0x0000000086000000|  0%| F|  |TAMS 0x0000000085f00000, 0x0000000085f00000| Untracked 
|  96|0x0000000086000000, 0x0000000086000000, 0x0000000086100000|  0%| F|  |TAMS 0x0000000086000000, 0x0000000086000000| Untracked 
|  97|0x0000000086100000, 0x0000000086100000, 0x0000000086200000|  0%| F|  |TAMS 0x0000000086100000, 0x0000000086100000| Untracked 
|  98|0x0000000086200000, 0x0000000086200000, 0x0000000086300000|  0%| F|  |TAMS 0x0000000086200000, 0x0000000086200000| Untracked 
|  99|0x0000000086300000, 0x0000000086300000, 0x0000000086400000|  0%| F|  |TAMS 0x0000000086300000, 0x0000000086300000| Untracked 
| 100|0x0000000086400000, 0x0000000086400000, 0x0000000086500000|  0%| F|  |TAMS 0x0000000086400000, 0x0000000086400000| Untracked 
| 101|0x0000000086500000, 0x0000000086500000, 0x0000000086600000|  0%| F|  |TAMS 0x0000000086500000, 0x0000000086500000| Untracked 
| 102|0x0000000086600000, 0x0000000086600000, 0x0000000086700000|  0%| F|  |TAMS 0x0000000086600000, 0x0000000086600000| Untracked 
| 103|0x0000000086700000, 0x0000000086700000, 0x0000000086800000|  0%| F|  |TAMS 0x0000000086700000, 0x0000000086700000| Untracked 
| 104|0x0000000086800000, 0x0000000086800000, 0x0000000086900000|  0%| F|  |TAMS 0x0000000086800000, 0x0000000086800000| Untracked 
| 105|0x0000000086900000, 0x0000000086900000, 0x0000000086a00000|  0%| F|  |TAMS 0x0000000086900000, 0x0000000086900000| Untracked 
| 106|0x0000000086a00000, 0x0000000086a00000, 0x0000000086b00000|  0%| F|  |TAMS 0x0000000086a00000, 0x0000000086a00000| Untracked 
| 107|0x0000000086b00000, 0x0000000086b00000, 0x0000000086c00000|  0%| F|  |TAMS 0x0000000086b00000, 0x0000000086b00000| Untracked 
| 108|0x0000000086c00000, 0x0000000086c00000, 0x0000000086d00000|  0%| F|  |TAMS 0x0000000086c00000, 0x0000000086c00000| Untracked 
| 109|0x0000000086d00000, 0x0000000086d00000, 0x0000000086e00000|  0%| F|  |TAMS 0x0000000086d00000, 0x0000000086d00000| Untracked 
| 110|0x0000000086e00000, 0x0000000086e00000, 0x0000000086f00000|  0%| F|  |TAMS 0x0000000086e00000, 0x0000000086e00000| Untracked 
| 111|0x0000000086f00000, 0x0000000086f00000, 0x0000000087000000|  0%| F|  |TAMS 0x0000000086f00000, 0x0000000086f00000| Untracked 
| 112|0x0000000087000000, 0x0000000087000000, 0x0000000087100000|  0%| F|  |TAMS 0x0000000087000000, 0x0000000087000000| Untracked 
| 113|0x0000000087100000, 0x0000000087100000, 0x0000000087200000|  0%| F|  |TAMS 0x0000000087100000, 0x0000000087100000| Untracked 
| 114|0x0000000087200000, 0x0000000087200000, 0x0000000087300000|  0%| F|  |TAMS 0x0000000087200000, 0x0000000087200000| Untracked 
| 115|0x0000000087300000, 0x0000000087300000, 0x0000000087400000|  0%| F|  |TAMS 0x0000000087300000, 0x0000000087300000| Untracked 
| 116|0x0000000087400000, 0x0000000087400000, 0x0000000087500000|  0%| F|  |TAMS 0x0000000087400000, 0x0000000087400000| Untracked 
| 117|0x0000000087500000, 0x0000000087500000, 0x0000000087600000|  0%| F|  |TAMS 0x0000000087500000, 0x0000000087500000| Untracked 
| 118|0x0000000087600000, 0x0000000087600000, 0x0000000087700000|  0%| F|  |TAMS 0x0000000087600000, 0x0000000087600000| Untracked 
| 119|0x0000000087700000, 0x0000000087700000, 0x0000000087800000|  0%| F|  |TAMS 0x0000000087700000, 0x0000000087700000| Untracked 
| 120|0x0000000087800000, 0x0000000087800000, 0x0000000087900000|  0%| F|  |TAMS 0x0000000087800000, 0x0000000087800000| Untracked 
| 121|0x0000000087900000, 0x0000000087900000, 0x0000000087a00000|  0%| F|  |TAMS 0x0000000087900000, 0x0000000087900000| Untracked 
| 122|0x0000000087a00000, 0x0000000087a00000, 0x0000000087b00000|  0%| F|  |TAMS 0x0000000087a00000, 0x0000000087a00000| Untracked 
| 123|0x0000000087b00000, 0x0000000087b00000, 0x0000000087c00000|  0%| F|  |TAMS 0x0000000087b00000, 0x0000000087b00000| Untracked 
| 124|0x0000000087c00000, 0x0000000087c00000, 0x0000000087d00000|  0%| F|  |TAMS 0x0000000087c00000, 0x0000000087c00000| Untracked 
| 125|0x0000000087d00000, 0x0000000087d00000, 0x0000000087e00000|  0%| F|  |TAMS 0x0000000087d00000, 0x0000000087d00000| Untracked 
| 126|0x0000000087e00000, 0x0000000087e76448, 0x0000000087f00000| 46%| E|  |TAMS 0x0000000087e00000, 0x0000000087e00000| Complete 
| 127|0x0000000087f00000, 0x0000000088000000, 0x0000000088000000|100%| E|CS|TAMS 0x0000000087f00000, 0x0000000087f00000| Complete 

Card table byte_map: [0x00000145e7370000,0x00000145e7770000] _byte_map_base: 0x00000145e6f70000

Marking Bits (Prev, Next): (CMBitMap*) 0x00000145d451f410, (CMBitMap*) 0x00000145d451f450
 Prev Bits: [0x00000145e7b70000, 0x00000145e9b70000)
 Next Bits: [0x00000145e9b70000, 0x00000145ebb70000)

Polling page: 0x00000145d2360000

Metaspace:

Usage:
  Non-class:      3.87 MB used.
      Class:    329.59 KB used.
       Both:      4.20 MB used.

Virtual space:
  Non-class space:       64.00 MB reserved,       3.88 MB (  6%) committed,  1 nodes.
      Class space:        1.00 GB reserved,     384.00 KB ( <1%) committed,  1 nodes.
             Both:        1.06 GB reserved,       4.25 MB ( <1%) committed. 

Chunk freelists:
   Non-Class:  12.00 MB
       Class:  15.62 MB
        Both:  27.62 MB

MaxMetaspaceSize: unlimited
CompressedClassSpaceSize: 1.00 GB
Initial GC threshold: 21.00 MB
Current GC threshold: 21.00 MB
CDS: off
MetaspaceReclaimPolicy: balanced
 - commit_granule_bytes: 65536.
 - commit_granule_words: 8192.
 - virtual_space_node_default_size: 8388608.
 - enlarge_chunks_in_place: 1.
 - new_chunks_are_fully_committed: 0.
 - uncommit_free_chunks: 1.
 - use_allocation_guard: 0.
 - handle_deallocations: 1.


Internal statistics:

num_allocs_failed_limit: 0.
num_arena_births: 2.
num_arena_deaths: 0.
num_vsnodes_births: 2.
num_vsnodes_deaths: 0.
num_space_committed: 68.
num_space_uncommitted: 0.
num_chunks_returned_to_freelist: 0.
num_chunks_taken_from_freelist: 4.
num_chunk_merges: 0.
num_chunk_splits: 2.
num_chunks_enlarged: 0.
num_inconsistent_stats: 0.

CodeHeap 'non-profiled nmethods': size=120000Kb used=15Kb max_used=15Kb free=119984Kb
 bounds [0x00000145df710000, 0x00000145df980000, 0x00000145e6c40000]
CodeHeap 'profiled nmethods': size=120000Kb used=79Kb max_used=79Kb free=119920Kb
 bounds [0x00000145d7c40000, 0x00000145d7eb0000, 0x00000145df170000]
CodeHeap 'non-nmethods': size=5760Kb used=1067Kb max_used=1067Kb free=4693Kb
 bounds [0x00000145df170000, 0x00000145df3e0000, 0x00000145df710000]
 total_blobs=397 nmethods=66 adapters=244
 compilation: enabled
              stopped_count=0, restarted_count=0
 full_count=0

Compilation events (20 events):
Event: 0.088 Thread 0x00000145ee760300   52       3       java.util.HashMap::afterNodeInsertion (1 bytes)
Event: 0.088 Thread 0x00000145ee760300 nmethod 52 0x00000145d7c52790 code [0x00000145d7c52920, 0x00000145d7c52a38]
Event: 0.088 Thread 0x00000145ee760300   50       3       java.util.HashMap::get (19 bytes)
Event: 0.088 Thread 0x00000145ee760300 nmethod 50 0x00000145d7c52b10 code [0x00000145d7c52cc0, 0x00000145d7c52e88]
Event: 0.088 Thread 0x00000145ee760300   53       1       java.lang.module.ModuleDescriptor$Exports::source (5 bytes)
Event: 0.088 Thread 0x00000145ee760300 nmethod 53 0x00000145df711f90 code [0x00000145df712120, 0x00000145df7121f8]
Event: 0.088 Thread 0x00000145ee760300   55       3       java.util.ImmutableCollections$Set12$1::hasNext (13 bytes)
Event: 0.088 Thread 0x00000145ee760300 nmethod 55 0x00000145d7c52f90 code [0x00000145d7c53120, 0x00000145d7c53298]
Event: 0.088 Thread 0x00000145ee760300   54       1       java.lang.module.ResolvedModule::reference (5 bytes)
Event: 0.089 Thread 0x00000145ee760300 nmethod 54 0x00000145df712290 code [0x00000145df712420, 0x00000145df7124f8]
Event: 0.089 Thread 0x00000145ee760300   56       1       java.lang.module.ModuleDescriptor::isAutomatic (5 bytes)
Event: 0.089 Thread 0x00000145ee760300 nmethod 56 0x00000145df712590 code [0x00000145df712720, 0x00000145df7127f8]
Event: 0.089 Thread 0x00000145ee760300   58       3       java.util.ImmutableCollections$Set12::iterator (9 bytes)
Event: 0.089 Thread 0x00000145ee760300 nmethod 58 0x00000145d7c53310 code [0x00000145d7c534c0, 0x00000145d7c53798]
Event: 0.089 Thread 0x00000145ee760300   59       3       java.util.ImmutableCollections$Set12$1::<init> (32 bytes)
Event: 0.089 Thread 0x00000145ee760300 nmethod 59 0x00000145d7c53890 code [0x00000145d7c53a40, 0x00000145d7c53c78]
Event: 0.089 Thread 0x00000145ee760300   61       1       java.util.ImmutableCollections$Set12::isEmpty (2 bytes)
Event: 0.089 Thread 0x00000145ee760300 nmethod 61 0x00000145df712c90 code [0x00000145df712e20, 0x00000145df712ef8]
Event: 0.097 Thread 0x00000145ee760300   66       1       java.lang.Enum::ordinal (5 bytes)
Event: 0.097 Thread 0x00000145ee760300 nmethod 66 0x00000145df713b90 code [0x00000145df713d20, 0x00000145df713df8]

GC Heap History (0 events):
No events

Dll operation events (1 events):
Event: 0.006 Loaded shared library D:\Program Files\JetBrains\IntelliJ IDEA 2023.2.5\jbr\bin\java.dll

Deoptimization events (0 events):
No events

Classes unloaded (0 events):
No events

Classes redefined (0 events):
No events

Internal exceptions (0 events):
No events

VM Operations (0 events):
No events

Events (20 events):
Event: 0.102 loading class jdk/internal/org/objectweb/asm/AnnotationVisitor done
Event: 0.102 loading class jdk/internal/org/objectweb/asm/AnnotationWriter done
Event: 0.102 loading class java/lang/invoke/MethodHandles$Lookup$ClassOption
Event: 0.102 loading class java/lang/invoke/MethodHandles$Lookup$ClassOption done
Event: 0.102 loading class java/lang/invoke/MethodHandles$Lookup$ClassFile
Event: 0.102 loading class java/lang/invoke/MethodHandles$Lookup$ClassFile done
Event: 0.102 loading class jdk/internal/org/objectweb/asm/ClassReader
Event: 0.103 loading class jdk/internal/org/objectweb/asm/ClassReader done
Event: 0.103 loading class java/lang/invoke/MethodHandles$Lookup$ClassDefiner
Event: 0.103 loading class java/lang/invoke/MethodHandles$Lookup$ClassDefiner done
Event: 0.103 loading class java/lang/invoke/InnerClassLambdaMetafactory$1
Event: 0.103 loading class java/lang/invoke/InnerClassLambdaMetafactory$1 done
Event: 0.104 loading class java/lang/Class$ReflectionData
Event: 0.104 loading class java/lang/Class$ReflectionData done
Event: 0.104 loading class java/lang/Class$Atomic
Event: 0.104 loading class java/lang/Class$Atomic done
Event: 0.104 loading class jdk/internal/reflect/DelegatingConstructorAccessorImpl
Event: 0.104 loading class jdk/internal/reflect/DelegatingConstructorAccessorImpl done
Event: 0.104 loading class java/lang/invoke/BoundMethodHandle
Event: 0.104 loading class java/lang/invoke/BoundMethodHandle done


Dynamic libraries:
0x00007ff778d30000 - 0x00007ff778d3a000 	D:\Program Files\JetBrains\IntelliJ IDEA 2023.2.5\jbr\bin\java.exe
0x00007ffa29db0000 - 0x00007ffa29fa8000 	C:\WINDOWS\SYSTEM32\ntdll.dll
0x00007ffa28b90000 - 0x00007ffa28c4d000 	C:\WINDOWS\System32\KERNEL32.DLL
0x00007ffa27460000 - 0x00007ffa27756000 	C:\WINDOWS\System32\KERNELBASE.dll
0x00007ffa278f0000 - 0x00007ffa279f0000 	C:\WINDOWS\System32\ucrtbase.dll
0x00007ffa18490000 - 0x00007ffa184a7000 	D:\Program Files\JetBrains\IntelliJ IDEA 2023.2.5\jbr\bin\jli.dll
0x00007ffa1bbb0000 - 0x00007ffa1bbcb000 	D:\Program Files\JetBrains\IntelliJ IDEA 2023.2.5\jbr\bin\VCRUNTIME140.dll
0x00007ffa29200000 - 0x00007ffa2939f000 	C:\WINDOWS\System32\USER32.dll
0x00007ffa279f0000 - 0x00007ffa27a12000 	C:\WINDOWS\System32\win32u.dll
0x00007ffa0eb20000 - 0x00007ffa0edba000 	C:\WINDOWS\WinSxS\amd64_microsoft.windows.common-controls_6595b64144ccf1df_6.0.19041.4355_none_60b8b9eb71f62e16\COMCTL32.dll
0x00007ffa29010000 - 0x00007ffa2903b000 	C:\WINDOWS\System32\GDI32.dll
0x00007ffa295e0000 - 0x00007ffa2967e000 	C:\WINDOWS\System32\msvcrt.dll
0x00007ffa27b40000 - 0x00007ffa27c57000 	C:\WINDOWS\System32\gdi32full.dll
0x00007ffa27d40000 - 0x00007ffa27ddd000 	C:\WINDOWS\System32\msvcp_win.dll
0x00007ffa29040000 - 0x00007ffa29072000 	C:\WINDOWS\System32\IMM32.DLL
0x00007ffa25bc0000 - 0x00007ffa25bcc000 	D:\Program Files\JetBrains\IntelliJ IDEA 2023.2.5\jbr\bin\vcruntime140_1.dll
0x00007ffa08b10000 - 0x00007ffa08b9d000 	D:\Program Files\JetBrains\IntelliJ IDEA 2023.2.5\jbr\bin\msvcp140.dll
0x00007ff9c5530000 - 0x00007ff9c61b2000 	D:\Program Files\JetBrains\IntelliJ IDEA 2023.2.5\jbr\bin\server\jvm.dll
0x00007ffa28e70000 - 0x00007ffa28f20000 	C:\WINDOWS\System32\ADVAPI32.dll
0x00007ffa28af0000 - 0x00007ffa28b90000 	C:\WINDOWS\System32\sechost.dll
0x00007ffa297b0000 - 0x00007ffa298d3000 	C:\WINDOWS\System32\RPCRT4.dll
0x00007ffa27760000 - 0x00007ffa27787000 	C:\WINDOWS\System32\bcrypt.dll
0x00007ffa269e0000 - 0x00007ffa26a2b000 	C:\WINDOWS\SYSTEM32\POWRPROF.dll
0x00007ffa1c100000 - 0x00007ffa1c109000 	C:\WINDOWS\SYSTEM32\WSOCK32.dll
0x00007ffa28d30000 - 0x00007ffa28d9b000 	C:\WINDOWS\System32\WS2_32.dll
0x00007ffa1c6a0000 - 0x00007ffa1c6c7000 	C:\WINDOWS\SYSTEM32\WINMM.dll
0x00007ffa25b70000 - 0x00007ffa25b7a000 	C:\WINDOWS\SYSTEM32\VERSION.dll
0x00007ffa26850000 - 0x00007ffa26862000 	C:\WINDOWS\SYSTEM32\UMPDC.dll
0x00007ffa25ca0000 - 0x00007ffa25cb2000 	C:\WINDOWS\SYSTEM32\kernel.appcore.dll
0x00007ffa22cd0000 - 0x00007ffa22cda000 	D:\Program Files\JetBrains\IntelliJ IDEA 2023.2.5\jbr\bin\jimage.dll
0x00007ffa1a400000 - 0x00007ffa1a5e4000 	C:\WINDOWS\SYSTEM32\DBGHELP.DLL
0x00007ffa1a350000 - 0x00007ffa1a384000 	C:\WINDOWS\SYSTEM32\dbgcore.DLL
0x00007ffa27c60000 - 0x00007ffa27ce2000 	C:\WINDOWS\System32\bcryptPrimitives.dll
0x00007ffa184b0000 - 0x00007ffa184d5000 	D:\Program Files\JetBrains\IntelliJ IDEA 2023.2.5\jbr\bin\java.dll
0x00007ffa18470000 - 0x00007ffa18488000 	D:\Program Files\JetBrains\IntelliJ IDEA 2023.2.5\jbr\bin\zip.dll
0x00007ffa27f10000 - 0x00007ffa2867d000 	C:\WINDOWS\System32\SHELL32.dll
0x00007ffa25320000 - 0x00007ffa25abd000 	C:\WINDOWS\SYSTEM32\windows.storage.dll
0x00007ffa29a10000 - 0x00007ffa29d63000 	C:\WINDOWS\System32\combase.dll
0x00007ffa26e80000 - 0x00007ffa26eae000 	C:\WINDOWS\SYSTEM32\Wldp.dll
0x00007ffa28da0000 - 0x00007ffa28e6d000 	C:\WINDOWS\System32\OLEAUT32.dll
0x00007ffa29680000 - 0x00007ffa2972d000 	C:\WINDOWS\System32\SHCORE.dll
0x00007ffa29080000 - 0x00007ffa290d5000 	C:\WINDOWS\System32\shlwapi.dll
0x00007ffa27390000 - 0x00007ffa273b4000 	C:\WINDOWS\SYSTEM32\profapi.dll

dbghelp: loaded successfully - version: 4.0.5 - missing functions: none
symbol engine: initialized successfully - sym options: 0x614 - pdb path: .;D:\Program Files\JetBrains\IntelliJ IDEA 2023.2.5\jbr\bin;C:\WINDOWS\SYSTEM32;C:\WINDOWS\WinSxS\amd64_microsoft.windows.common-controls_6595b64144ccf1df_6.0.19041.4355_none_60b8b9eb71f62e16;D:\Program Files\JetBrains\IntelliJ IDEA 2023.2.5\jbr\bin\server

VM Arguments:
jvm_args: -Djava.rmi.server.hostname=127.0.0.1 -Duser.timezone=UTC -Xmx2048m -Xms128m -Djdbc.classpath=D:\Program Files\JetBrains\IntelliJ IDEA 2023.2.5\plugins\DatabaseTools\lib\jdbc-console.jar;C:\Users\TungV\AppData\Roaming\JetBrains\IntelliJIdea2024.1\jdbc-drivers\MySQL ConnectorJ\8.2.0\com\mysql\mysql-connector-j\8.2.0\mysql-connector-j-8.2.0.jar;C:\Users\TungV\AppData\Roaming\JetBrains\IntelliJIdea2024.1\jdbc-drivers\MySQL ConnectorJ\8.2.0\com\google\protobuf\protobuf-java\3.21.9\protobuf-java-3.21.9.jar --add-exports=java.desktop/sun.awt=ALL-UNNAMED --add-exports=java.desktop/java.awt.peer=ALL-UNNAMED --add-opens=java.desktop/java.awt=ALL-UNNAMED --add-opens=jdk.unsupported/sun.misc=ALL-UNNAMED --add-opens=java.base/java.nio=ALL-UNNAMED --add-opens=java.base/java.util=ALL-UNNAMED -Dfile.encoding=UTF-8 
java_command: com.intellij.database.remote.RemoteJdbcServer com.mysql.cj.jdbc.Driver
java_class_path (initial): D:\Program Files\JetBrains\IntelliJ IDEA 2023.2.5\lib\util_rt.jar;D:\Program Files\JetBrains\IntelliJ IDEA 2023.2.5\lib\util-8.jar;D:\Program Files\JetBrains\IntelliJ IDEA 2023.2.5\lib\groovy.jar;D:\Program Files\JetBrains\IntelliJ IDEA 2023.2.5\plugins\DatabaseTools\lib\jdbc-console.jar;D:\Program Files\JetBrains\IntelliJ IDEA 2023.2.5\plugins\grid-core-impl\lib\jdbc-console-types.jar;D:\Program Files\JetBrains\IntelliJ IDEA 2023.2.5\lib\util.jar
Launcher Type: SUN_STANDARD

[Global flags]
     intx CICompilerCount                          = 4                                         {product} {ergonomic}
     uint ConcGCThreads                            = 2                                         {product} {ergonomic}
     uint G1ConcRefinementThreads                  = 8                                         {product} {ergonomic}
   size_t G1HeapRegionSize                         = 1048576                                   {product} {ergonomic}
    uintx GCDrainStackTargetSize                   = 64                                        {product} {ergonomic}
   size_t InitialHeapSize                          = 134217728                                 {product} {command line}
   size_t MarkStackSize                            = 4194304                                   {product} {ergonomic}
   size_t MaxHeapSize                              = 2147483648                                {product} {command line}
   size_t MaxNewSize                               = 1287651328                                {product} {ergonomic}
   size_t MinHeapDeltaBytes                        = 1048576                                   {product} {ergonomic}
   size_t MinHeapSize                              = 134217728                                 {product} {command line}
    uintx NonNMethodCodeHeapSize                   = 5839372                                {pd product} {ergonomic}
    uintx NonProfiledCodeHeapSize                  = 122909434                              {pd product} {ergonomic}
    uintx ProfiledCodeHeapSize                     = 122909434                              {pd product} {ergonomic}
    uintx ReservedCodeCacheSize                    = 251658240                              {pd product} {ergonomic}
     bool SegmentedCodeCache                       = true                                      {product} {ergonomic}
   size_t SoftMaxHeapSize                          = 2147483648                             {manageable} {ergonomic}
     bool UseCompressedClassPointers               = true                           {product lp64_product} {ergonomic}
     bool UseCompressedOops                        = true                           {product lp64_product} {ergonomic}
     bool UseG1GC                                  = true                                      {product} {ergonomic}
     bool UseLargePagesIndividualAllocation        = false                                  {pd product} {ergonomic}

Logging:
Log output configuration:
 #0: stdout all=warning uptime,level,tags
 #1: stderr all=off uptime,level,tags

Environment Variables:
PATH=C:\Program Files\Common Files\Oracle\Java\javapath;C:\Windows\system32;C:\Windows;C:\Windows\System32\Wbem;C:\Windows\System32\WindowsPowerShell\v1.0\;C:\Program Files\Microsoft SQL Server\150\Tools\Binn\;C:\Program Files\Microsoft SQL Server\Client SDK\ODBC\170\Tools\Binn\;C:\WINDOWS\system32;C:\WINDOWS;C:\WINDOWS\System32\Wbem;C:\WINDOWS\System32\WindowsPowerShell\v1.0\;C:\WINDOWS\System32\OpenSSH\;C:\Program Files\Git\cmd;C:\ProgramData\chocolatey\bin;C:\Program Files\nodejs\;C:\Program Files\Cloudflare\Cloudflare WARP\;C:\Program Files\dotnet\;C:\Program Files\MySQL\MySQL Shell 8.0\bin\;C:\Users\TungV\AppData\Local\Microsoft\WindowsApps;C:\Users\TungV\AppData\Local\Programs\Microsoft VS Code\bin;C:\Users\TungV\AppData\Roaming\npm;D:\Program Files\JetBrains\IntelliJ IDEA 2023.2.5\bin;;C:\Users\TungV\.dotnet\tools
USERNAME=TungV
OS=Windows_NT
PROCESSOR_IDENTIFIER=Intel64 Family 6 Model 58 Stepping 9, GenuineIntel
TMP=C:\Users\TungV\AppData\Local\Temp
TEMP=C:\Users\TungV\AppData\Local\Temp



Periodic native trim disabled

JNI global refs:
JNI global refs: 5, weak refs: 0

JNI global refs memory usage: 843, weak refs: 209

OOME stack traces (most recent first):
Classloader memory used:
Loader bootstrap                                                                       : 537K


---------------  S Y S T E M  ---------------

OS:
 Windows 10 , 64 bit Build 19041 (10.0.19041.3636)
OS uptime: 1 days 18:54 hours

CPU: total 8 (initial active 8) (4 cores per cpu, 2 threads per core) family 6 model 58 stepping 9 microcode 0x21, cx8, cmov, fxsr, ht, mmx, sse, sse2, sse3, ssse3, sse4.1, sse4.2, popcnt, tsc, tscinvbit, avx, aes, erms, clmul, vzeroupper, clflush
Processor Information for all 8 processors :
  Max Mhz: 2601, Current Mhz: 2601, Mhz Limit: 2601

Memory: 4k page, system-wide physical 12219M (2869M free)
TotalPageFile size 14267M (AvailPageFile size 5M)
current process WorkingSet (physical memory assigned to process): 28M, peak: 28M
current process commit charge ("private bytes"): 202M, peak: 203M

vm_info: OpenJDK 64-Bit Server VM (17.0.10+8-b1207.12) for windows-amd64 JRE (17.0.10+8-b1207.12), built on 2024-03-15 by "builduser" with MS VC++ 16.10 / 16.11 (VS2019)

END.
