#
# There is insufficient memory for the Java Runtime Environment to continue.
# Native memory allocation (mmap) failed to map 134217728 bytes for G1 virtual space
# Possible reasons:
#   The system is out of physical RAM or swap space
#   The process is running with CompressedOops enabled, and the Java Heap may be blocking the growth of the native heap
# Possible solutions:
#   Reduce memory load on the system
#   Increase physical memory or swap space
#   Check if swap backing store is full
#   Decrease Java heap size (-Xmx/-Xms)
#   Decrease number of Java threads
#   Decrease Java thread stack sizes (-Xss)
#   Set larger code cache with -XX:ReservedCodeCacheSize=
#   JVM is running with Unscaled Compressed Oops mode in which the Java heap is
#     placed in the first 4GB address space. The Java Heap base address is the
#     maximum limit for the native heap growth. Please use -XX:HeapBaseMinAddress
#     to set the Java Heap base and to place the Java Heap above 4GB virtual address.
# This output file may be truncated or incomplete.
#
#  Out of Memory Error (os_windows.cpp:3825), pid=12852, tid=7044
#
# JRE version:  (17.0.10+8) (build )
# Java VM: OpenJDK 64-Bit Server VM (17.0.10+8-b1207.12, mixed mode, sharing, tiered, compressed oops, compressed class ptrs, g1 gc, windows-amd64)
# No core dump will be written. Minidumps are not enabled by default on client versions of Windows
#

---------------  S U M M A R Y ------------

Command Line: -Djava.rmi.server.hostname=127.0.0.1 -Duser.timezone=UTC -Xmx2048m -Xms128m -Djdbc.classpath=D:\Program Files\JetBrains\IntelliJ IDEA 2023.2.5\plugins\DatabaseTools\lib\jdbc-console.jar;C:\Users\TungV\AppData\Roaming\JetBrains\IntelliJIdea2024.1\jdbc-drivers\MySQL ConnectorJ\8.2.0\com\mysql\mysql-connector-j\8.2.0\mysql-connector-j-8.2.0.jar;C:\Users\TungV\AppData\Roaming\JetBrains\IntelliJIdea2024.1\jdbc-drivers\MySQL ConnectorJ\8.2.0\com\google\protobuf\protobuf-java\3.21.9\protobuf-java-3.21.9.jar --add-exports=java.desktop/sun.awt=ALL-UNNAMED --add-exports=java.desktop/java.awt.peer=ALL-UNNAMED --add-opens=java.desktop/java.awt=ALL-UNNAMED --add-opens=jdk.unsupported/sun.misc=ALL-UNNAMED --add-opens=java.base/java.nio=ALL-UNNAMED --add-opens=java.base/java.util=ALL-UNNAMED -Dfile.encoding=UTF-8 com.intellij.database.remote.RemoteJdbcServer com.mysql.cj.jdbc.Driver

Host: Intel(R) Core(TM) i7-3720QM CPU @ 2.60GHz, 8 cores, 11G,  Windows 10 , 64 bit Build 19041 (10.0.19041.3636)
Time: Sat May 11 16:12:26 2024  Windows 10 , 64 bit Build 19041 (10.0.19041.3636) elapsed time: 0.104915 seconds (0d 0h 0m 0s)

---------------  T H R E A D  ---------------

Current thread (0x0000025a279340f0):  JavaThread "Unknown thread" [_thread_in_vm, id=7044, stack(0x000000ce18500000,0x000000ce18600000)]

Stack: [0x000000ce18500000,0x000000ce18600000]
Native frames: (J=compiled Java code, j=interpreted, Vv=VM code, C=native code)
V  [jvm.dll+0x687989]
V  [jvm.dll+0x84116a]
V  [jvm.dll+0x842dae]
V  [jvm.dll+0x843413]
V  [jvm.dll+0x249ccf]
V  [jvm.dll+0x684759]
V  [jvm.dll+0x67900a]
V  [jvm.dll+0x30ab0b]
V  [jvm.dll+0x311fb6]
V  [jvm.dll+0x361d5e]
V  [jvm.dll+0x361f8f]
V  [jvm.dll+0x2e07f8]
V  [jvm.dll+0x2e1764]
V  [jvm.dll+0x811c31]
V  [jvm.dll+0x36fc11]
V  [jvm.dll+0x7f0666]
V  [jvm.dll+0x3f3daf]
V  [jvm.dll+0x3f5a41]
C  [jli.dll+0x528f]
C  [ucrtbase.dll+0x21bb2]
C  [KERNEL32.DLL+0x17344]
C  [ntdll.dll+0x526b1]


---------------  P R O C E S S  ---------------

Threads class SMR info:
_java_thread_list=0x00007ff9c606df58, length=0, elements={
}

Java Threads: ( => current thread )

Other Threads:
  0x0000025a2798ef60 GCTaskThread "GC Thread#0" [stack: 0x000000ce18600000,0x000000ce18700000] [id=16204]
  0x0000025a2799fdc0 ConcurrentGCThread "G1 Main Marker" [stack: 0x000000ce18700000,0x000000ce18800000] [id=16136]
  0x0000025a279a06f0 ConcurrentGCThread "G1 Conc#0" [stack: 0x000000ce18800000,0x000000ce18900000] [id=9584]

[error occurred during error reporting (printing all threads), id 0xc0000005, EXCEPTION_ACCESS_VIOLATION (0xc0000005) at pc=0x00007ff9c58213c7]

VM state: not at safepoint (not fully initialized)

VM Mutex/Monitor currently owned by a thread:  ([mutex/lock_event])
[0x0000025a2792da10] Heap_lock - owner thread: 0x0000025a279340f0

Heap address: 0x0000000080000000, size: 2048 MB, Compressed Oops mode: 32-bit

CDS archive(s) mapped at: [0x0000000000000000-0x0000000000000000-0x0000000000000000), size 0, SharedBaseAddress: 0x0000000800000000, ArchiveRelocationMode: 1.
Narrow klass base: 0x0000000000000000, Narrow klass shift: 0, Narrow klass range: 0x0

GC Precious Log:
<Empty>

Heap:
 garbage-first heap   total 0K, used 0K [0x0000000080000000, 0x0000000100000000)
  region size 1024K, 0 young (0K), 0 survivors (0K)
 Metaspace       used 0K, committed 0K, reserved 0K
  class space    used 0K, committed 0K, reserved 0K

Heap Regions: E=young(eden), S=young(survivor), O=old, HS=humongous(starts), HC=humongous(continues), CS=collection set, F=free, OA=open archive, CA=closed archive, TAMS=top-at-mark-start (previous, next)

Card table byte_map: [0x0000025a3a7f0000,0x0000025a3abf0000] _byte_map_base: 0x0000025a3a3f0000

Marking Bits (Prev, Next): (CMBitMap*) 0x0000025a2798f490, (CMBitMap*) 0x0000025a2798f4d0
 Prev Bits: [0x0000025a3aff0000, 0x0000025a3cff0000)
 Next Bits: [0x0000025a3cff0000, 0x0000025a3eff0000)

GC Heap History (0 events):
No events

Dll operation events (1 events):
Event: 0.006 Loaded shared library D:\Program Files\JetBrains\IntelliJ IDEA 2023.2.5\jbr\bin\java.dll

Deoptimization events (0 events):
No events

Classes unloaded (0 events):
No events

Classes redefined (0 events):
No events

Internal exceptions (0 events):
No events

VM Operations (0 events):
No events

Events (0 events):
No events


Dynamic libraries:
0x00007ff778d30000 - 0x00007ff778d3a000 	D:\Program Files\JetBrains\IntelliJ IDEA 2023.2.5\jbr\bin\java.exe
0x00007ffa29db0000 - 0x00007ffa29fa8000 	C:\WINDOWS\SYSTEM32\ntdll.dll
0x00007ffa28b90000 - 0x00007ffa28c4d000 	C:\WINDOWS\System32\KERNEL32.DLL
0x00007ffa27460000 - 0x00007ffa27756000 	C:\WINDOWS\System32\KERNELBASE.dll
0x00007ffa278f0000 - 0x00007ffa279f0000 	C:\WINDOWS\System32\ucrtbase.dll
0x00007ffa18490000 - 0x00007ffa184a7000 	D:\Program Files\JetBrains\IntelliJ IDEA 2023.2.5\jbr\bin\jli.dll
0x00007ffa1bbb0000 - 0x00007ffa1bbcb000 	D:\Program Files\JetBrains\IntelliJ IDEA 2023.2.5\jbr\bin\VCRUNTIME140.dll
0x00007ffa29200000 - 0x00007ffa2939f000 	C:\WINDOWS\System32\USER32.dll
0x00007ffa279f0000 - 0x00007ffa27a12000 	C:\WINDOWS\System32\win32u.dll
0x00007ffa0eb20000 - 0x00007ffa0edba000 	C:\WINDOWS\WinSxS\amd64_microsoft.windows.common-controls_6595b64144ccf1df_6.0.19041.4355_none_60b8b9eb71f62e16\COMCTL32.dll
0x00007ffa29010000 - 0x00007ffa2903b000 	C:\WINDOWS\System32\GDI32.dll
0x00007ffa295e0000 - 0x00007ffa2967e000 	C:\WINDOWS\System32\msvcrt.dll
0x00007ffa27b40000 - 0x00007ffa27c57000 	C:\WINDOWS\System32\gdi32full.dll
0x00007ffa27d40000 - 0x00007ffa27ddd000 	C:\WINDOWS\System32\msvcp_win.dll
0x00007ffa29040000 - 0x00007ffa29072000 	C:\WINDOWS\System32\IMM32.DLL
0x00007ffa25bc0000 - 0x00007ffa25bcc000 	D:\Program Files\JetBrains\IntelliJ IDEA 2023.2.5\jbr\bin\vcruntime140_1.dll
0x00007ffa08b10000 - 0x00007ffa08b9d000 	D:\Program Files\JetBrains\IntelliJ IDEA 2023.2.5\jbr\bin\msvcp140.dll
0x00007ff9c5530000 - 0x00007ff9c61b2000 	D:\Program Files\JetBrains\IntelliJ IDEA 2023.2.5\jbr\bin\server\jvm.dll
0x00007ffa28e70000 - 0x00007ffa28f20000 	C:\WINDOWS\System32\ADVAPI32.dll
0x00007ffa28af0000 - 0x00007ffa28b90000 	C:\WINDOWS\System32\sechost.dll
0x00007ffa297b0000 - 0x00007ffa298d3000 	C:\WINDOWS\System32\RPCRT4.dll
0x00007ffa27760000 - 0x00007ffa27787000 	C:\WINDOWS\System32\bcrypt.dll
0x00007ffa1c100000 - 0x00007ffa1c109000 	C:\WINDOWS\SYSTEM32\WSOCK32.dll
0x00007ffa1c6a0000 - 0x00007ffa1c6c7000 	C:\WINDOWS\SYSTEM32\WINMM.dll
0x00007ffa269e0000 - 0x00007ffa26a2b000 	C:\WINDOWS\SYSTEM32\POWRPROF.dll
0x00007ffa28d30000 - 0x00007ffa28d9b000 	C:\WINDOWS\System32\WS2_32.dll
0x00007ffa25b70000 - 0x00007ffa25b7a000 	C:\WINDOWS\SYSTEM32\VERSION.dll
0x00007ffa26850000 - 0x00007ffa26862000 	C:\WINDOWS\SYSTEM32\UMPDC.dll
0x00007ffa25ca0000 - 0x00007ffa25cb2000 	C:\WINDOWS\SYSTEM32\kernel.appcore.dll
0x00007ffa22cd0000 - 0x00007ffa22cda000 	D:\Program Files\JetBrains\IntelliJ IDEA 2023.2.5\jbr\bin\jimage.dll
0x00007ffa1a400000 - 0x00007ffa1a5e4000 	C:\WINDOWS\SYSTEM32\DBGHELP.DLL
0x00007ffa1a350000 - 0x00007ffa1a384000 	C:\WINDOWS\SYSTEM32\dbgcore.DLL
0x00007ffa27c60000 - 0x00007ffa27ce2000 	C:\WINDOWS\System32\bcryptPrimitives.dll
0x00007ffa184b0000 - 0x00007ffa184d5000 	D:\Program Files\JetBrains\IntelliJ IDEA 2023.2.5\jbr\bin\java.dll

dbghelp: loaded successfully - version: 4.0.5 - missing functions: none
symbol engine: initialized successfully - sym options: 0x614 - pdb path: .;D:\Program Files\JetBrains\IntelliJ IDEA 2023.2.5\jbr\bin;C:\WINDOWS\SYSTEM32;C:\WINDOWS\WinSxS\amd64_microsoft.windows.common-controls_6595b64144ccf1df_6.0.19041.4355_none_60b8b9eb71f62e16;D:\Program Files\JetBrains\IntelliJ IDEA 2023.2.5\jbr\bin\server

VM Arguments:
jvm_args: -Djava.rmi.server.hostname=127.0.0.1 -Duser.timezone=UTC -Xmx2048m -Xms128m -Djdbc.classpath=D:\Program Files\JetBrains\IntelliJ IDEA 2023.2.5\plugins\DatabaseTools\lib\jdbc-console.jar;C:\Users\TungV\AppData\Roaming\JetBrains\IntelliJIdea2024.1\jdbc-drivers\MySQL ConnectorJ\8.2.0\com\mysql\mysql-connector-j\8.2.0\mysql-connector-j-8.2.0.jar;C:\Users\TungV\AppData\Roaming\JetBrains\IntelliJIdea2024.1\jdbc-drivers\MySQL ConnectorJ\8.2.0\com\google\protobuf\protobuf-java\3.21.9\protobuf-java-3.21.9.jar --add-exports=java.desktop/sun.awt=ALL-UNNAMED --add-exports=java.desktop/java.awt.peer=ALL-UNNAMED --add-opens=java.desktop/java.awt=ALL-UNNAMED --add-opens=jdk.unsupported/sun.misc=ALL-UNNAMED --add-opens=java.base/java.nio=ALL-UNNAMED --add-opens=java.base/java.util=ALL-UNNAMED -Dfile.encoding=UTF-8 
java_command: com.intellij.database.remote.RemoteJdbcServer com.mysql.cj.jdbc.Driver
java_class_path (initial): D:\Program Files\JetBrains\IntelliJ IDEA 2023.2.5\lib\util_rt.jar;D:\Program Files\JetBrains\IntelliJ IDEA 2023.2.5\lib\util-8.jar;D:\Program Files\JetBrains\IntelliJ IDEA 2023.2.5\lib\groovy.jar;D:\Program Files\JetBrains\IntelliJ IDEA 2023.2.5\plugins\DatabaseTools\lib\jdbc-console.jar;D:\Program Files\JetBrains\IntelliJ IDEA 2023.2.5\plugins\grid-core-impl\lib\jdbc-console-types.jar;D:\Program Files\JetBrains\IntelliJ IDEA 2023.2.5\lib\util.jar
Launcher Type: SUN_STANDARD

[Global flags]
     intx CICompilerCount                          = 4                                         {product} {ergonomic}
     uint ConcGCThreads                            = 2                                         {product} {ergonomic}
     uint G1ConcRefinementThreads                  = 8                                         {product} {ergonomic}
   size_t G1HeapRegionSize                         = 1048576                                   {product} {ergonomic}
    uintx GCDrainStackTargetSize                   = 64                                        {product} {ergonomic}
   size_t InitialHeapSize                          = 134217728                                 {product} {command line}
   size_t MarkStackSize                            = 4194304                                   {product} {ergonomic}
   size_t MaxHeapSize                              = 2147483648                                {product} {command line}
   size_t MinHeapDeltaBytes                        = 1048576                                   {product} {ergonomic}
   size_t MinHeapSize                              = 134217728                                 {product} {command line}
    uintx NonNMethodCodeHeapSize                   = 5839372                                {pd product} {ergonomic}
    uintx NonProfiledCodeHeapSize                  = 122909434                              {pd product} {ergonomic}
    uintx ProfiledCodeHeapSize                     = 122909434                              {pd product} {ergonomic}
    uintx ReservedCodeCacheSize                    = 251658240                              {pd product} {ergonomic}
     bool SegmentedCodeCache                       = true                                      {product} {ergonomic}
   size_t SoftMaxHeapSize                          = 2147483648                             {manageable} {ergonomic}
     bool UseCompressedClassPointers               = true                           {product lp64_product} {ergonomic}
     bool UseCompressedOops                        = true                           {product lp64_product} {ergonomic}
     bool UseG1GC                                  = true                                      {product} {ergonomic}
     bool UseLargePagesIndividualAllocation        = false                                  {pd product} {ergonomic}

Logging:
Log output configuration:
 #0: stdout all=warning uptime,level,tags
 #1: stderr all=off uptime,level,tags

Environment Variables:
PATH=C:\Program Files\Common Files\Oracle\Java\javapath;C:\Windows\system32;C:\Windows;C:\Windows\System32\Wbem;C:\Windows\System32\WindowsPowerShell\v1.0\;C:\Program Files\Microsoft SQL Server\150\Tools\Binn\;C:\Program Files\Microsoft SQL Server\Client SDK\ODBC\170\Tools\Binn\;C:\WINDOWS\system32;C:\WINDOWS;C:\WINDOWS\System32\Wbem;C:\WINDOWS\System32\WindowsPowerShell\v1.0\;C:\WINDOWS\System32\OpenSSH\;C:\Program Files\Git\cmd;C:\ProgramData\chocolatey\bin;C:\Program Files\nodejs\;C:\Program Files\Cloudflare\Cloudflare WARP\;C:\Program Files\dotnet\;C:\Program Files\MySQL\MySQL Shell 8.0\bin\;C:\Users\TungV\AppData\Local\Microsoft\WindowsApps;C:\Users\TungV\AppData\Local\Programs\Microsoft VS Code\bin;C:\Users\TungV\AppData\Roaming\npm;D:\Program Files\JetBrains\IntelliJ IDEA 2023.2.5\bin;;C:\Users\TungV\.dotnet\tools
USERNAME=TungV
OS=Windows_NT
PROCESSOR_IDENTIFIER=Intel64 Family 6 Model 58 Stepping 9, GenuineIntel
TMP=C:\Users\TungV\AppData\Local\Temp
TEMP=C:\Users\TungV\AppData\Local\Temp



Periodic native trim disabled

JNI global refs:
JNI global refs: 0, weak refs: 0

JNI global refs memory usage: 0, weak refs: 0

OOME stack traces (most recent first):
Classloader memory used:


---------------  S Y S T E M  ---------------

OS:
 Windows 10 , 64 bit Build 19041 (10.0.19041.3636)
OS uptime: 1 days 18:54 hours

CPU: total 8 (initial active 8) (4 cores per cpu, 2 threads per core) family 6 model 58 stepping 9 microcode 0x21, cx8, cmov, fxsr, ht, mmx, sse, sse2, sse3, ssse3, sse4.1, sse4.2, popcnt, tsc, tscinvbit, avx, aes, erms, clmul, vzeroupper, clflush
Processor Information for all 8 processors :
  Max Mhz: 2601, Current Mhz: 2601, Mhz Limit: 2601

Memory: 4k page, system-wide physical 12219M (2891M free)
TotalPageFile size 14267M (AvailPageFile size 99M)
current process WorkingSet (physical memory assigned to process): 10M, peak: 10M
current process commit charge ("private bytes"): 60M, peak: 188M

vm_info: OpenJDK 64-Bit Server VM (17.0.10+8-b1207.12) for windows-amd64 JRE (17.0.10+8-b1207.12), built on 2024-03-15 by "builduser" with MS VC++ 16.10 / 16.11 (VS2019)

END.
