#
# There is insufficient memory for the Java Runtime Environment to continue.
# Native memory allocation (malloc) failed to allocate 994816 bytes for Chunk::new
# Possible reasons:
#   The system is out of physical RAM or swap space
#   The process is running with CompressedOops enabled, and the Java Heap may be blocking the growth of the native heap
# Possible solutions:
#   Reduce memory load on the system
#   Increase physical memory or swap space
#   Check if swap backing store is full
#   Decrease Java heap size (-Xmx/-Xms)
#   Decrease number of Java threads
#   Decrease Java thread stack sizes (-Xss)
#   Set larger code cache with -XX:ReservedCodeCacheSize=
#   JVM is running with Unscaled Compressed Oops mode in which the Java heap is
#     placed in the first 4GB address space. The Java Heap base address is the
#     maximum limit for the native heap growth. Please use -XX:HeapBaseMinAddress
#     to set the Java Heap base and to place the Java Heap above 4GB virtual address.
# This output file may be truncated or incomplete.
#
#  Out of Memory Error (arena.cpp:191), pid=9836, tid=8824
#
# JRE version: OpenJDK Runtime Environment JBR-17.0.10+8-1207.12-jcef (17.0.10+8) (build 17.0.10+8-b1207.12)
# Java VM: OpenJDK 64-Bit Server VM JBR-17.0.10+8-1207.12-jcef (17.0.10+8-b1207.12, mixed mode, tiered, compressed oops, compressed class ptrs, g1 gc, windows-amd64)
# No core dump will be written. Minidumps are not enabled by default on client versions of Windows
#

---------------  S U M M A R Y ------------

Command Line: -Djava.rmi.server.hostname=127.0.0.1 -Duser.timezone=UTC -Xmx2048m -Xms128m -Djdbc.classpath=D:\Program Files\JetBrains\IntelliJ IDEA 2023.2.5\plugins\DatabaseTools\lib\jdbc-console.jar;C:\Users\TungV\AppData\Roaming\JetBrains\IntelliJIdea2024.1\jdbc-drivers\MySQL ConnectorJ\8.2.0\com\mysql\mysql-connector-j\8.2.0\mysql-connector-j-8.2.0.jar;C:\Users\TungV\AppData\Roaming\JetBrains\IntelliJIdea2024.1\jdbc-drivers\MySQL ConnectorJ\8.2.0\com\google\protobuf\protobuf-java\3.21.9\protobuf-java-3.21.9.jar --add-exports=java.desktop/sun.awt=ALL-UNNAMED --add-exports=java.desktop/java.awt.peer=ALL-UNNAMED --add-opens=java.desktop/java.awt=ALL-UNNAMED --add-opens=jdk.unsupported/sun.misc=ALL-UNNAMED --add-opens=java.base/java.nio=ALL-UNNAMED --add-opens=java.base/java.util=ALL-UNNAMED -Dfile.encoding=UTF-8 com.intellij.database.remote.RemoteJdbcServer com.mysql.cj.jdbc.Driver

Host: Intel(R) Core(TM) i7-3720QM CPU @ 2.60GHz, 8 cores, 11G,  Windows 10 , 64 bit Build 19041 (10.0.19041.3636)
Time: Sat May 11 16:12:37 2024  Windows 10 , 64 bit Build 19041 (10.0.19041.3636) elapsed time: 1.227814 seconds (0d 0h 0m 1s)

---------------  T H R E A D  ---------------

Current thread (0x0000018dade89880):  JavaThread "C2 CompilerThread0" daemon [_thread_in_native, id=8824, stack(0x0000000d1e500000,0x0000000d1e600000)]


Current CompileTask:
C2:   1227  782       4       jdk.internal.org.objectweb.asm.Frame::execute (2305 bytes)

Stack: [0x0000000d1e500000,0x0000000d1e600000]
Native frames: (J=compiled Java code, j=interpreted, Vv=VM code, C=native code)
V  [jvm.dll+0x687989]
V  [jvm.dll+0x84116a]
V  [jvm.dll+0x842dae]
V  [jvm.dll+0x843413]
V  [jvm.dll+0x249ccf]
V  [jvm.dll+0xac524]
V  [jvm.dll+0xacb6c]
V  [jvm.dll+0x2b12cf]
V  [jvm.dll+0x58ed87]
V  [jvm.dll+0x224232]
V  [jvm.dll+0x22461f]
V  [jvm.dll+0x21d746]
V  [jvm.dll+0x21ab91]
V  [jvm.dll+0x1a602d]
V  [jvm.dll+0x22ac2e]
V  [jvm.dll+0x228db5]
V  [jvm.dll+0x7f5417]
V  [jvm.dll+0x7ef81a]
V  [jvm.dll+0x686805]
C  [ucrtbase.dll+0x21bb2]
C  [KERNEL32.DLL+0x17344]
C  [ntdll.dll+0x526b1]


---------------  P R O C E S S  ---------------

Threads class SMR info:
_java_thread_list=0x0000018db336eeb0, length=24, elements={
0x0000018d93d74130, 0x0000018dade9e260, 0x0000018dade75e30, 0x0000018dade85050,
0x0000018dade85a20, 0x0000018dade88300, 0x0000018dade88bd0, 0x0000018dade89880,
0x0000018db2040ea0, 0x0000018db20477e0, 0x0000018db21b3a00, 0x0000018db21ce5f0,
0x0000018db22f1de0, 0x0000018db22f9b50, 0x0000018db25ce670, 0x0000018db2327f60,
0x0000018db2328440, 0x0000018db258d3d0, 0x0000018db258ddf0, 0x0000018db258cec0,
0x0000018db258bf90, 0x0000018db258e810, 0x0000018db258c9b0, 0x0000018db3229580
}

Java Threads: ( => current thread )
  0x0000018d93d74130 JavaThread "main" [_thread_blocked, id=14940, stack(0x0000000d1d800000,0x0000000d1d900000)]
  0x0000018dade9e260 JavaThread "Reference Handler" daemon [_thread_blocked, id=8092, stack(0x0000000d1df00000,0x0000000d1e000000)]
  0x0000018dade75e30 JavaThread "Finalizer" daemon [_thread_blocked, id=6812, stack(0x0000000d1e000000,0x0000000d1e100000)]
  0x0000018dade85050 JavaThread "Signal Dispatcher" daemon [_thread_blocked, id=424, stack(0x0000000d1e100000,0x0000000d1e200000)]
  0x0000018dade85a20 JavaThread "Attach Listener" daemon [_thread_blocked, id=3772, stack(0x0000000d1e200000,0x0000000d1e300000)]
  0x0000018dade88300 JavaThread "Service Thread" daemon [_thread_blocked, id=5960, stack(0x0000000d1e300000,0x0000000d1e400000)]
  0x0000018dade88bd0 JavaThread "Monitor Deflation Thread" daemon [_thread_blocked, id=10664, stack(0x0000000d1e400000,0x0000000d1e500000)]
=>0x0000018dade89880 JavaThread "C2 CompilerThread0" daemon [_thread_in_native, id=8824, stack(0x0000000d1e500000,0x0000000d1e600000)]
  0x0000018db2040ea0 JavaThread "C1 CompilerThread0" daemon [_thread_blocked, id=708, stack(0x0000000d1e600000,0x0000000d1e700000)]
  0x0000018db20477e0 JavaThread "Sweeper thread" daemon [_thread_blocked, id=12700, stack(0x0000000d1e700000,0x0000000d1e800000)]
  0x0000018db21b3a00 JavaThread "Common-Cleaner" daemon [_thread_blocked, id=8284, stack(0x0000000d1e800000,0x0000000d1e900000)]
  0x0000018db21ce5f0 JavaThread "Notification Thread" daemon [_thread_blocked, id=15968, stack(0x0000000d1e900000,0x0000000d1ea00000)]
  0x0000018db22f1de0 JavaThread "mysql-cj-abandoned-connection-cleanup" daemon [_thread_blocked, id=10976, stack(0x0000000d1eb00000,0x0000000d1ec00000)]
  0x0000018db22f9b50 JavaThread "RMI TCP Accept-62640" daemon [_thread_in_native, id=14484, stack(0x0000000d1ed00000,0x0000000d1ee00000)]
  0x0000018db25ce670 JavaThread "RMI TCP Accept-0" daemon [_thread_in_native, id=13304, stack(0x0000000d1ee00000,0x0000000d1ef00000)]
  0x0000018db2327f60 JavaThread "RMI Reaper" [_thread_blocked, id=15380, stack(0x0000000d1ef00000,0x0000000d1f000000)]
  0x0000018db2328440 JavaThread "RMI GC Daemon" daemon [_thread_blocked, id=12172, stack(0x0000000d1f000000,0x0000000d1f100000)]
  0x0000018db258d3d0 JavaThread "RMI TCP Connection(1)-127.0.0.1" daemon [_thread_in_native, id=15808, stack(0x0000000d1f100000,0x0000000d1f200000)]
  0x0000018db258ddf0 JavaThread "RMI TCP Connection(2)-127.0.0.1" daemon [_thread_in_native, id=13236, stack(0x0000000d1f200000,0x0000000d1f300000)]
  0x0000018db258cec0 JavaThread "RMI Scheduler(0)" daemon [_thread_blocked, id=14464, stack(0x0000000d1f300000,0x0000000d1f400000)]
  0x0000018db258bf90 JavaThread "RMI TCP Connection(3)-127.0.0.1" daemon [_thread_in_native, id=14768, stack(0x0000000d1f400000,0x0000000d1f500000)]
  0x0000018db258e810 JavaThread "RMI TCP Connection(4)-127.0.0.1" daemon [_thread_in_native, id=10440, stack(0x0000000d1f500000,0x0000000d1f600000)]
  0x0000018db258c9b0 JavaThread "RMI RenewClean-[127.0.0.1:51613]" daemon [_thread_blocked, id=12792, stack(0x0000000d1ec00000,0x0000000d1ed00000)]
  0x0000018db3229580 JavaThread "C2 CompilerThread1" daemon [_thread_in_native, id=7536, stack(0x0000000d1f600000,0x0000000d1f700000)]

Other Threads:
  0x0000018db2013400 VMThread "VM Thread" [stack: 0x0000000d1de00000,0x0000000d1df00000] [id=8332]
  0x0000018db21cf2e0 WatcherThread [stack: 0x0000000d1ea00000,0x0000000d1eb00000] [id=10128]
  0x0000018d93dcf180 GCTaskThread "GC Thread#0" [stack: 0x0000000d1d900000,0x0000000d1da00000] [id=15348]
  0x0000018d93ddffe0 ConcurrentGCThread "G1 Main Marker" [stack: 0x0000000d1da00000,0x0000000d1db00000] [id=10588]
  0x0000018d93de10b0 ConcurrentGCThread "G1 Conc#0" [stack: 0x0000000d1db00000,0x0000000d1dc00000] [id=864]
  0x0000018d93e2ebb0 ConcurrentGCThread "G1 Refine#0" [stack: 0x0000000d1dc00000,0x0000000d1dd00000] [id=8432]
  0x0000018dadcdc660 ConcurrentGCThread "G1 Service" [stack: 0x0000000d1dd00000,0x0000000d1de00000] [id=9876]

Threads with active compile tasks:
C2 CompilerThread0     1243  782       4       jdk.internal.org.objectweb.asm.Frame::execute (2305 bytes)
C2 CompilerThread1     1243  811       4       java.lang.StringUTF16::compress (50 bytes)

VM state: not at safepoint (normal execution)

VM Mutex/Monitor currently owned by a thread: None

Heap address: 0x0000000080000000, size: 2048 MB, Compressed Oops mode: 32-bit

CDS archive(s) not mapped
Compressed class space mapped at: 0x0000000100000000-0x0000000140000000, reserved size: 1073741824
Narrow klass base: 0x0000000000000000, Narrow klass shift: 3, Narrow klass range: 0x140000000

GC Precious Log:
 CPUs: 8 total, 8 available
 Memory: 12219M
 Large Page Support: Disabled
 NUMA Support: Disabled
 Compressed Oops: Enabled (32-bit)
 Heap Region Size: 1M
 Heap Min Capacity: 128M
 Heap Initial Capacity: 128M
 Heap Max Capacity: 2G
 Pre-touch: Disabled
 Parallel Workers: 8
 Concurrent Workers: 2
 Concurrent Refinement Workers: 8
 Periodic GC: Disabled

Heap:
 garbage-first heap   total 131072K, used 14336K [0x0000000080000000, 0x0000000100000000)
  region size 1024K, 13 young (13312K), 0 survivors (0K)
 Metaspace       used 12927K, committed 13184K, reserved 1114112K
  class space    used 1349K, committed 1472K, reserved 1048576K

Heap Regions: E=young(eden), S=young(survivor), O=old, HS=humongous(starts), HC=humongous(continues), CS=collection set, F=free, OA=open archive, CA=closed archive, TAMS=top-at-mark-start (previous, next)
|   0|0x0000000080000000, 0x0000000080100000, 0x0000000080100000|100%|HS|  |TAMS 0x0000000080000000, 0x0000000080000000| Complete 
|   1|0x0000000080100000, 0x0000000080200000, 0x0000000080200000|100%|HC|  |TAMS 0x0000000080100000, 0x0000000080100000| Complete 
|   2|0x0000000080200000, 0x0000000080300000, 0x0000000080300000|100%|HC|  |TAMS 0x0000000080200000, 0x0000000080200000| Complete 
|   3|0x0000000080300000, 0x0000000080300000, 0x0000000080400000|  0%| F|  |TAMS 0x0000000080300000, 0x0000000080300000| Untracked 
|   4|0x0000000080400000, 0x0000000080400000, 0x0000000080500000|  0%| F|  |TAMS 0x0000000080400000, 0x0000000080400000| Untracked 
|   5|0x0000000080500000, 0x0000000080500000, 0x0000000080600000|  0%| F|  |TAMS 0x0000000080500000, 0x0000000080500000| Untracked 
|   6|0x0000000080600000, 0x0000000080600000, 0x0000000080700000|  0%| F|  |TAMS 0x0000000080600000, 0x0000000080600000| Untracked 
|   7|0x0000000080700000, 0x0000000080700000, 0x0000000080800000|  0%| F|  |TAMS 0x0000000080700000, 0x0000000080700000| Untracked 
|   8|0x0000000080800000, 0x0000000080800000, 0x0000000080900000|  0%| F|  |TAMS 0x0000000080800000, 0x0000000080800000| Untracked 
|   9|0x0000000080900000, 0x0000000080900000, 0x0000000080a00000|  0%| F|  |TAMS 0x0000000080900000, 0x0000000080900000| Untracked 
|  10|0x0000000080a00000, 0x0000000080a00000, 0x0000000080b00000|  0%| F|  |TAMS 0x0000000080a00000, 0x0000000080a00000| Untracked 
|  11|0x0000000080b00000, 0x0000000080b00000, 0x0000000080c00000|  0%| F|  |TAMS 0x0000000080b00000, 0x0000000080b00000| Untracked 
|  12|0x0000000080c00000, 0x0000000080c00000, 0x0000000080d00000|  0%| F|  |TAMS 0x0000000080c00000, 0x0000000080c00000| Untracked 
|  13|0x0000000080d00000, 0x0000000080d00000, 0x0000000080e00000|  0%| F|  |TAMS 0x0000000080d00000, 0x0000000080d00000| Untracked 
|  14|0x0000000080e00000, 0x0000000080e00000, 0x0000000080f00000|  0%| F|  |TAMS 0x0000000080e00000, 0x0000000080e00000| Untracked 
|  15|0x0000000080f00000, 0x0000000080f00000, 0x0000000081000000|  0%| F|  |TAMS 0x0000000080f00000, 0x0000000080f00000| Untracked 
|  16|0x0000000081000000, 0x0000000081000000, 0x0000000081100000|  0%| F|  |TAMS 0x0000000081000000, 0x0000000081000000| Untracked 
|  17|0x0000000081100000, 0x0000000081100000, 0x0000000081200000|  0%| F|  |TAMS 0x0000000081100000, 0x0000000081100000| Untracked 
|  18|0x0000000081200000, 0x0000000081200000, 0x0000000081300000|  0%| F|  |TAMS 0x0000000081200000, 0x0000000081200000| Untracked 
|  19|0x0000000081300000, 0x0000000081300000, 0x0000000081400000|  0%| F|  |TAMS 0x0000000081300000, 0x0000000081300000| Untracked 
|  20|0x0000000081400000, 0x0000000081400000, 0x0000000081500000|  0%| F|  |TAMS 0x0000000081400000, 0x0000000081400000| Untracked 
|  21|0x0000000081500000, 0x0000000081500000, 0x0000000081600000|  0%| F|  |TAMS 0x0000000081500000, 0x0000000081500000| Untracked 
|  22|0x0000000081600000, 0x0000000081600000, 0x0000000081700000|  0%| F|  |TAMS 0x0000000081600000, 0x0000000081600000| Untracked 
|  23|0x0000000081700000, 0x0000000081700000, 0x0000000081800000|  0%| F|  |TAMS 0x0000000081700000, 0x0000000081700000| Untracked 
|  24|0x0000000081800000, 0x0000000081800000, 0x0000000081900000|  0%| F|  |TAMS 0x0000000081800000, 0x0000000081800000| Untracked 
|  25|0x0000000081900000, 0x0000000081900000, 0x0000000081a00000|  0%| F|  |TAMS 0x0000000081900000, 0x0000000081900000| Untracked 
|  26|0x0000000081a00000, 0x0000000081a00000, 0x0000000081b00000|  0%| F|  |TAMS 0x0000000081a00000, 0x0000000081a00000| Untracked 
|  27|0x0000000081b00000, 0x0000000081b00000, 0x0000000081c00000|  0%| F|  |TAMS 0x0000000081b00000, 0x0000000081b00000| Untracked 
|  28|0x0000000081c00000, 0x0000000081c00000, 0x0000000081d00000|  0%| F|  |TAMS 0x0000000081c00000, 0x0000000081c00000| Untracked 
|  29|0x0000000081d00000, 0x0000000081d00000, 0x0000000081e00000|  0%| F|  |TAMS 0x0000000081d00000, 0x0000000081d00000| Untracked 
|  30|0x0000000081e00000, 0x0000000081e00000, 0x0000000081f00000|  0%| F|  |TAMS 0x0000000081e00000, 0x0000000081e00000| Untracked 
|  31|0x0000000081f00000, 0x0000000081f00000, 0x0000000082000000|  0%| F|  |TAMS 0x0000000081f00000, 0x0000000081f00000| Untracked 
|  32|0x0000000082000000, 0x0000000082000000, 0x0000000082100000|  0%| F|  |TAMS 0x0000000082000000, 0x0000000082000000| Untracked 
|  33|0x0000000082100000, 0x0000000082100000, 0x0000000082200000|  0%| F|  |TAMS 0x0000000082100000, 0x0000000082100000| Untracked 
|  34|0x0000000082200000, 0x0000000082200000, 0x0000000082300000|  0%| F|  |TAMS 0x0000000082200000, 0x0000000082200000| Untracked 
|  35|0x0000000082300000, 0x0000000082300000, 0x0000000082400000|  0%| F|  |TAMS 0x0000000082300000, 0x0000000082300000| Untracked 
|  36|0x0000000082400000, 0x0000000082400000, 0x0000000082500000|  0%| F|  |TAMS 0x0000000082400000, 0x0000000082400000| Untracked 
|  37|0x0000000082500000, 0x0000000082500000, 0x0000000082600000|  0%| F|  |TAMS 0x0000000082500000, 0x0000000082500000| Untracked 
|  38|0x0000000082600000, 0x0000000082600000, 0x0000000082700000|  0%| F|  |TAMS 0x0000000082600000, 0x0000000082600000| Untracked 
|  39|0x0000000082700000, 0x0000000082700000, 0x0000000082800000|  0%| F|  |TAMS 0x0000000082700000, 0x0000000082700000| Untracked 
|  40|0x0000000082800000, 0x0000000082800000, 0x0000000082900000|  0%| F|  |TAMS 0x0000000082800000, 0x0000000082800000| Untracked 
|  41|0x0000000082900000, 0x0000000082900000, 0x0000000082a00000|  0%| F|  |TAMS 0x0000000082900000, 0x0000000082900000| Untracked 
|  42|0x0000000082a00000, 0x0000000082a00000, 0x0000000082b00000|  0%| F|  |TAMS 0x0000000082a00000, 0x0000000082a00000| Untracked 
|  43|0x0000000082b00000, 0x0000000082b00000, 0x0000000082c00000|  0%| F|  |TAMS 0x0000000082b00000, 0x0000000082b00000| Untracked 
|  44|0x0000000082c00000, 0x0000000082c00000, 0x0000000082d00000|  0%| F|  |TAMS 0x0000000082c00000, 0x0000000082c00000| Untracked 
|  45|0x0000000082d00000, 0x0000000082d00000, 0x0000000082e00000|  0%| F|  |TAMS 0x0000000082d00000, 0x0000000082d00000| Untracked 
|  46|0x0000000082e00000, 0x0000000082e00000, 0x0000000082f00000|  0%| F|  |TAMS 0x0000000082e00000, 0x0000000082e00000| Untracked 
|  47|0x0000000082f00000, 0x0000000082f00000, 0x0000000083000000|  0%| F|  |TAMS 0x0000000082f00000, 0x0000000082f00000| Untracked 
|  48|0x0000000083000000, 0x0000000083000000, 0x0000000083100000|  0%| F|  |TAMS 0x0000000083000000, 0x0000000083000000| Untracked 
|  49|0x0000000083100000, 0x0000000083100000, 0x0000000083200000|  0%| F|  |TAMS 0x0000000083100000, 0x0000000083100000| Untracked 
|  50|0x0000000083200000, 0x0000000083200000, 0x0000000083300000|  0%| F|  |TAMS 0x0000000083200000, 0x0000000083200000| Untracked 
|  51|0x0000000083300000, 0x0000000083300000, 0x0000000083400000|  0%| F|  |TAMS 0x0000000083300000, 0x0000000083300000| Untracked 
|  52|0x0000000083400000, 0x0000000083400000, 0x0000000083500000|  0%| F|  |TAMS 0x0000000083400000, 0x0000000083400000| Untracked 
|  53|0x0000000083500000, 0x0000000083500000, 0x0000000083600000|  0%| F|  |TAMS 0x0000000083500000, 0x0000000083500000| Untracked 
|  54|0x0000000083600000, 0x0000000083600000, 0x0000000083700000|  0%| F|  |TAMS 0x0000000083600000, 0x0000000083600000| Untracked 
|  55|0x0000000083700000, 0x0000000083700000, 0x0000000083800000|  0%| F|  |TAMS 0x0000000083700000, 0x0000000083700000| Untracked 
|  56|0x0000000083800000, 0x0000000083800000, 0x0000000083900000|  0%| F|  |TAMS 0x0000000083800000, 0x0000000083800000| Untracked 
|  57|0x0000000083900000, 0x0000000083900000, 0x0000000083a00000|  0%| F|  |TAMS 0x0000000083900000, 0x0000000083900000| Untracked 
|  58|0x0000000083a00000, 0x0000000083a00000, 0x0000000083b00000|  0%| F|  |TAMS 0x0000000083a00000, 0x0000000083a00000| Untracked 
|  59|0x0000000083b00000, 0x0000000083b00000, 0x0000000083c00000|  0%| F|  |TAMS 0x0000000083b00000, 0x0000000083b00000| Untracked 
|  60|0x0000000083c00000, 0x0000000083c00000, 0x0000000083d00000|  0%| F|  |TAMS 0x0000000083c00000, 0x0000000083c00000| Untracked 
|  61|0x0000000083d00000, 0x0000000083d00000, 0x0000000083e00000|  0%| F|  |TAMS 0x0000000083d00000, 0x0000000083d00000| Untracked 
|  62|0x0000000083e00000, 0x0000000083e00000, 0x0000000083f00000|  0%| F|  |TAMS 0x0000000083e00000, 0x0000000083e00000| Untracked 
|  63|0x0000000083f00000, 0x0000000083f00000, 0x0000000084000000|  0%| F|  |TAMS 0x0000000083f00000, 0x0000000083f00000| Untracked 
|  64|0x0000000084000000, 0x0000000084000000, 0x0000000084100000|  0%| F|  |TAMS 0x0000000084000000, 0x0000000084000000| Untracked 
|  65|0x0000000084100000, 0x0000000084100000, 0x0000000084200000|  0%| F|  |TAMS 0x0000000084100000, 0x0000000084100000| Untracked 
|  66|0x0000000084200000, 0x0000000084200000, 0x0000000084300000|  0%| F|  |TAMS 0x0000000084200000, 0x0000000084200000| Untracked 
|  67|0x0000000084300000, 0x0000000084300000, 0x0000000084400000|  0%| F|  |TAMS 0x0000000084300000, 0x0000000084300000| Untracked 
|  68|0x0000000084400000, 0x0000000084400000, 0x0000000084500000|  0%| F|  |TAMS 0x0000000084400000, 0x0000000084400000| Untracked 
|  69|0x0000000084500000, 0x0000000084500000, 0x0000000084600000|  0%| F|  |TAMS 0x0000000084500000, 0x0000000084500000| Untracked 
|  70|0x0000000084600000, 0x0000000084600000, 0x0000000084700000|  0%| F|  |TAMS 0x0000000084600000, 0x0000000084600000| Untracked 
|  71|0x0000000084700000, 0x0000000084700000, 0x0000000084800000|  0%| F|  |TAMS 0x0000000084700000, 0x0000000084700000| Untracked 
|  72|0x0000000084800000, 0x0000000084800000, 0x0000000084900000|  0%| F|  |TAMS 0x0000000084800000, 0x0000000084800000| Untracked 
|  73|0x0000000084900000, 0x0000000084900000, 0x0000000084a00000|  0%| F|  |TAMS 0x0000000084900000, 0x0000000084900000| Untracked 
|  74|0x0000000084a00000, 0x0000000084a00000, 0x0000000084b00000|  0%| F|  |TAMS 0x0000000084a00000, 0x0000000084a00000| Untracked 
|  75|0x0000000084b00000, 0x0000000084b00000, 0x0000000084c00000|  0%| F|  |TAMS 0x0000000084b00000, 0x0000000084b00000| Untracked 
|  76|0x0000000084c00000, 0x0000000084c00000, 0x0000000084d00000|  0%| F|  |TAMS 0x0000000084c00000, 0x0000000084c00000| Untracked 
|  77|0x0000000084d00000, 0x0000000084d00000, 0x0000000084e00000|  0%| F|  |TAMS 0x0000000084d00000, 0x0000000084d00000| Untracked 
|  78|0x0000000084e00000, 0x0000000084e00000, 0x0000000084f00000|  0%| F|  |TAMS 0x0000000084e00000, 0x0000000084e00000| Untracked 
|  79|0x0000000084f00000, 0x0000000084f00000, 0x0000000085000000|  0%| F|  |TAMS 0x0000000084f00000, 0x0000000084f00000| Untracked 
|  80|0x0000000085000000, 0x0000000085000000, 0x0000000085100000|  0%| F|  |TAMS 0x0000000085000000, 0x0000000085000000| Untracked 
|  81|0x0000000085100000, 0x0000000085100000, 0x0000000085200000|  0%| F|  |TAMS 0x0000000085100000, 0x0000000085100000| Untracked 
|  82|0x0000000085200000, 0x0000000085200000, 0x0000000085300000|  0%| F|  |TAMS 0x0000000085200000, 0x0000000085200000| Untracked 
|  83|0x0000000085300000, 0x0000000085300000, 0x0000000085400000|  0%| F|  |TAMS 0x0000000085300000, 0x0000000085300000| Untracked 
|  84|0x0000000085400000, 0x0000000085400000, 0x0000000085500000|  0%| F|  |TAMS 0x0000000085400000, 0x0000000085400000| Untracked 
|  85|0x0000000085500000, 0x0000000085500000, 0x0000000085600000|  0%| F|  |TAMS 0x0000000085500000, 0x0000000085500000| Untracked 
|  86|0x0000000085600000, 0x0000000085600000, 0x0000000085700000|  0%| F|  |TAMS 0x0000000085600000, 0x0000000085600000| Untracked 
|  87|0x0000000085700000, 0x0000000085700000, 0x0000000085800000|  0%| F|  |TAMS 0x0000000085700000, 0x0000000085700000| Untracked 
|  88|0x0000000085800000, 0x0000000085800000, 0x0000000085900000|  0%| F|  |TAMS 0x0000000085800000, 0x0000000085800000| Untracked 
|  89|0x0000000085900000, 0x0000000085900000, 0x0000000085a00000|  0%| F|  |TAMS 0x0000000085900000, 0x0000000085900000| Untracked 
|  90|0x0000000085a00000, 0x0000000085a00000, 0x0000000085b00000|  0%| F|  |TAMS 0x0000000085a00000, 0x0000000085a00000| Untracked 
|  91|0x0000000085b00000, 0x0000000085b00000, 0x0000000085c00000|  0%| F|  |TAMS 0x0000000085b00000, 0x0000000085b00000| Untracked 
|  92|0x0000000085c00000, 0x0000000085c00000, 0x0000000085d00000|  0%| F|  |TAMS 0x0000000085c00000, 0x0000000085c00000| Untracked 
|  93|0x0000000085d00000, 0x0000000085d00000, 0x0000000085e00000|  0%| F|  |TAMS 0x0000000085d00000, 0x0000000085d00000| Untracked 
|  94|0x0000000085e00000, 0x0000000085e00000, 0x0000000085f00000|  0%| F|  |TAMS 0x0000000085e00000, 0x0000000085e00000| Untracked 
|  95|0x0000000085f00000, 0x0000000085f00000, 0x0000000086000000|  0%| F|  |TAMS 0x0000000085f00000, 0x0000000085f00000| Untracked 
|  96|0x0000000086000000, 0x0000000086000000, 0x0000000086100000|  0%| F|  |TAMS 0x0000000086000000, 0x0000000086000000| Untracked 
|  97|0x0000000086100000, 0x0000000086100000, 0x0000000086200000|  0%| F|  |TAMS 0x0000000086100000, 0x0000000086100000| Untracked 
|  98|0x0000000086200000, 0x0000000086200000, 0x0000000086300000|  0%| F|  |TAMS 0x0000000086200000, 0x0000000086200000| Untracked 
|  99|0x0000000086300000, 0x0000000086300000, 0x0000000086400000|  0%| F|  |TAMS 0x0000000086300000, 0x0000000086300000| Untracked 
| 100|0x0000000086400000, 0x0000000086400000, 0x0000000086500000|  0%| F|  |TAMS 0x0000000086400000, 0x0000000086400000| Untracked 
| 101|0x0000000086500000, 0x0000000086500000, 0x0000000086600000|  0%| F|  |TAMS 0x0000000086500000, 0x0000000086500000| Untracked 
| 102|0x0000000086600000, 0x0000000086600000, 0x0000000086700000|  0%| F|  |TAMS 0x0000000086600000, 0x0000000086600000| Untracked 
| 103|0x0000000086700000, 0x0000000086700000, 0x0000000086800000|  0%| F|  |TAMS 0x0000000086700000, 0x0000000086700000| Untracked 
| 104|0x0000000086800000, 0x0000000086800000, 0x0000000086900000|  0%| F|  |TAMS 0x0000000086800000, 0x0000000086800000| Untracked 
| 105|0x0000000086900000, 0x0000000086900000, 0x0000000086a00000|  0%| F|  |TAMS 0x0000000086900000, 0x0000000086900000| Untracked 
| 106|0x0000000086a00000, 0x0000000086a00000, 0x0000000086b00000|  0%| F|  |TAMS 0x0000000086a00000, 0x0000000086a00000| Untracked 
| 107|0x0000000086b00000, 0x0000000086b00000, 0x0000000086c00000|  0%| F|  |TAMS 0x0000000086b00000, 0x0000000086b00000| Untracked 
| 108|0x0000000086c00000, 0x0000000086c00000, 0x0000000086d00000|  0%| F|  |TAMS 0x0000000086c00000, 0x0000000086c00000| Untracked 
| 109|0x0000000086d00000, 0x0000000086d00000, 0x0000000086e00000|  0%| F|  |TAMS 0x0000000086d00000, 0x0000000086d00000| Untracked 
| 110|0x0000000086e00000, 0x0000000086e00000, 0x0000000086f00000|  0%| F|  |TAMS 0x0000000086e00000, 0x0000000086e00000| Untracked 
| 111|0x0000000086f00000, 0x0000000086f00000, 0x0000000087000000|  0%| F|  |TAMS 0x0000000086f00000, 0x0000000086f00000| Untracked 
| 112|0x0000000087000000, 0x0000000087000000, 0x0000000087100000|  0%| F|  |TAMS 0x0000000087000000, 0x0000000087000000| Untracked 
| 113|0x0000000087100000, 0x0000000087100000, 0x0000000087200000|  0%| F|  |TAMS 0x0000000087100000, 0x0000000087100000| Untracked 
| 114|0x0000000087200000, 0x0000000087200000, 0x0000000087300000|  0%| F|  |TAMS 0x0000000087200000, 0x0000000087200000| Untracked 
| 115|0x0000000087300000, 0x000000008737ab58, 0x0000000087400000| 47%| E|  |TAMS 0x0000000087300000, 0x0000000087300000| Complete 
| 116|0x0000000087400000, 0x0000000087500000, 0x0000000087500000|100%| E|CS|TAMS 0x0000000087400000, 0x0000000087400000| Complete 
| 117|0x0000000087500000, 0x0000000087600000, 0x0000000087600000|100%| E|CS|TAMS 0x0000000087500000, 0x0000000087500000| Complete 
| 118|0x0000000087600000, 0x0000000087700000, 0x0000000087700000|100%| E|CS|TAMS 0x0000000087600000, 0x0000000087600000| Complete 
| 119|0x0000000087700000, 0x0000000087800000, 0x0000000087800000|100%| E|CS|TAMS 0x0000000087700000, 0x0000000087700000| Complete 
| 120|0x0000000087800000, 0x0000000087900000, 0x0000000087900000|100%| E|CS|TAMS 0x0000000087800000, 0x0000000087800000| Complete 
| 121|0x0000000087900000, 0x0000000087a00000, 0x0000000087a00000|100%| E|CS|TAMS 0x0000000087900000, 0x0000000087900000| Complete 
| 122|0x0000000087a00000, 0x0000000087b00000, 0x0000000087b00000|100%| E|CS|TAMS 0x0000000087a00000, 0x0000000087a00000| Complete 
| 123|0x0000000087b00000, 0x0000000087c00000, 0x0000000087c00000|100%| E|CS|TAMS 0x0000000087b00000, 0x0000000087b00000| Complete 
| 124|0x0000000087c00000, 0x0000000087d00000, 0x0000000087d00000|100%| E|CS|TAMS 0x0000000087c00000, 0x0000000087c00000| Complete 
| 125|0x0000000087d00000, 0x0000000087e00000, 0x0000000087e00000|100%| E|CS|TAMS 0x0000000087d00000, 0x0000000087d00000| Complete 
| 126|0x0000000087e00000, 0x0000000087f00000, 0x0000000087f00000|100%| E|  |TAMS 0x0000000087e00000, 0x0000000087e00000| Complete 
| 127|0x0000000087f00000, 0x0000000088000000, 0x0000000088000000|100%| E|CS|TAMS 0x0000000087f00000, 0x0000000087f00000| Complete 

Card table byte_map: [0x0000018da6c20000,0x0000018da7020000] _byte_map_base: 0x0000018da6820000

Marking Bits (Prev, Next): (CMBitMap*) 0x0000018d93dcf6b0, (CMBitMap*) 0x0000018d93dcf6f0
 Prev Bits: [0x0000018da7420000, 0x0000018da9420000)
 Next Bits: [0x0000018da9420000, 0x0000018dab420000)

Polling page: 0x0000018d93530000

Metaspace:

Usage:
  Non-class:     11.31 MB used.
      Class:      1.32 MB used.
       Both:     12.62 MB used.

Virtual space:
  Non-class space:       64.00 MB reserved,      11.44 MB ( 18%) committed,  1 nodes.
      Class space:        1.00 GB reserved,       1.44 MB ( <1%) committed,  1 nodes.
             Both:        1.06 GB reserved,      12.88 MB (  1%) committed. 

Chunk freelists:
   Non-Class:  4.14 MB
       Class:  14.61 MB
        Both:  18.75 MB

MaxMetaspaceSize: unlimited
CompressedClassSpaceSize: 1.00 GB
Initial GC threshold: 21.00 MB
Current GC threshold: 21.00 MB
CDS: off
MetaspaceReclaimPolicy: balanced
 - commit_granule_bytes: 65536.
 - commit_granule_words: 8192.
 - virtual_space_node_default_size: 8388608.
 - enlarge_chunks_in_place: 1.
 - new_chunks_are_fully_committed: 0.
 - uncommit_free_chunks: 1.
 - use_allocation_guard: 0.
 - handle_deallocations: 1.


Internal statistics:

num_allocs_failed_limit: 0.
num_arena_births: 258.
num_arena_deaths: 0.
num_vsnodes_births: 2.
num_vsnodes_deaths: 0.
num_space_committed: 206.
num_space_uncommitted: 0.
num_chunks_returned_to_freelist: 0.
num_chunks_taken_from_freelist: 408.
num_chunk_merges: 0.
num_chunk_splits: 229.
num_chunks_enlarged: 80.
num_inconsistent_stats: 0.

CodeHeap 'non-profiled nmethods': size=120000Kb used=278Kb max_used=278Kb free=119721Kb
 bounds [0x0000018d9efc0000, 0x0000018d9f230000, 0x0000018da64f0000]
CodeHeap 'profiled nmethods': size=120000Kb used=1333Kb max_used=1333Kb free=118666Kb
 bounds [0x0000018d974f0000, 0x0000018d97760000, 0x0000018d9ea20000]
CodeHeap 'non-nmethods': size=5760Kb used=1153Kb max_used=1170Kb free=4606Kb
 bounds [0x0000018d9ea20000, 0x0000018d9ec90000, 0x0000018d9efc0000]
 total_blobs=1290 nmethods=846 adapters=357
 compilation: enabled
              stopped_count=0, restarted_count=0
 full_count=0

Compilation events (20 events):
Event: 1.221 Thread 0x0000018db2040ea0  824       3       java.lang.reflect.Constructor::setConstructorAccessor (21 bytes)
Event: 1.221 Thread 0x0000018db2040ea0 nmethod 824 0x0000018d9762ca90 code [0x0000018d9762cc40, 0x0000018d9762cf28]
Event: 1.221 Thread 0x0000018db2040ea0  825       3       java.lang.invoke.LambdaFormEditor::lambdaFormEditor (12 bytes)
Event: 1.221 Thread 0x0000018db2040ea0 nmethod 825 0x0000018d9762d010 code [0x0000018d9762d1c0, 0x0000018d9762d468]
Event: 1.221 Thread 0x0000018db2040ea0  827   !   3       java.util.zip.ZipFile$Source::getEntryPos (195 bytes)
Event: 1.222 Thread 0x0000018db2040ea0 nmethod 827 0x0000018d9762d590 code [0x0000018d9762d8a0, 0x0000018d9762ea18]
Event: 1.222 Thread 0x0000018db2040ea0  826   !   3       jdk.internal.loader.URLClassPath$JarLoader::ensureOpen (36 bytes)
Event: 1.223 Thread 0x0000018db2040ea0 nmethod 826 0x0000018d9762f490 code [0x0000018d9762f660, 0x0000018d9762fa98]
Event: 1.223 Thread 0x0000018db2040ea0  828   !   3       java.util.zip.ZipFile::getEntry (59 bytes)
Event: 1.223 Thread 0x0000018db2040ea0 nmethod 828 0x0000018d9762fc10 code [0x0000018d9762fe00, 0x0000018d97630258]
Event: 1.223 Thread 0x0000018db2040ea0  829       3       java.util.jar.JarFile::getEntry (35 bytes)
Event: 1.223 Thread 0x0000018db2040ea0 nmethod 829 0x0000018d97630510 code [0x0000018d97630700, 0x0000018d97630b78]
Event: 1.223 Thread 0x0000018db2040ea0  830       3       java.util.jar.JarFile::getJarEntry (9 bytes)
Event: 1.223 Thread 0x0000018db2040ea0 nmethod 830 0x0000018d97630d10 code [0x0000018d97630ec0, 0x0000018d97631168]
Event: 1.223 Thread 0x0000018db2040ea0  831       3       java.util.LinkedHashMap$LinkedHashIterator::hasNext (13 bytes)
Event: 1.223 Thread 0x0000018db2040ea0 nmethod 831 0x0000018d97631210 code [0x0000018d976313a0, 0x0000018d97631518]
Event: 1.224 Thread 0x0000018db2040ea0  832   !   3       jdk.internal.loader.URLClassPath$JarLoader::getResource (65 bytes)
Event: 1.224 Thread 0x0000018db2040ea0 nmethod 832 0x0000018d97631590 code [0x0000018d976317e0, 0x0000018d97632208]
Event: 1.225 Thread 0x0000018db2040ea0  833       3       java.io.RandomAccessFile::seek (22 bytes)
Event: 1.225 Thread 0x0000018db2040ea0 nmethod 833 0x0000018d97632590 code [0x0000018d97632740, 0x0000018d97632998]

GC Heap History (0 events):
No events

Dll operation events (1 events):
Event: 0.007 Loaded shared library D:\Program Files\JetBrains\IntelliJ IDEA 2023.2.5\jbr\bin\java.dll

Deoptimization events (20 events):
Event: 0.525 Thread 0x0000018d93d74130 DEOPT PACKING pc=0x0000018d9752a87c sp=0x0000000d1d8fa170
Event: 0.525 Thread 0x0000018d93d74130 DEOPT UNPACKING pc=0x0000018d9ea77143 sp=0x0000000d1d8f9600 mode 0
Event: 0.779 Thread 0x0000018d93d74130 Uncommon trap: trap_request=0xffffff6e fr.pc=0x0000018d9efe02c4 relative=0x0000000000000144
Event: 0.779 Thread 0x0000018d93d74130 Uncommon trap: reason=loop_limit_check action=maybe_recompile pc=0x0000018d9efe02c4 method=java.lang.StringLatin1.lastIndexOf([BII)I @ 19 c2
Event: 0.779 Thread 0x0000018d93d74130 DEOPT PACKING pc=0x0000018d9efe02c4 sp=0x0000000d1d8fde80
Event: 0.779 Thread 0x0000018d93d74130 DEOPT UNPACKING pc=0x0000018d9ea769a3 sp=0x0000000d1d8fde00 mode 2
Event: 0.809 Thread 0x0000018d93d74130 Uncommon trap: trap_request=0xffffff45 fr.pc=0x0000018d9efdfef4 relative=0x0000000000000074
Event: 0.809 Thread 0x0000018d93d74130 Uncommon trap: reason=unstable_if action=reinterpret pc=0x0000018d9efdfef4 method=jdk.internal.misc.Unsafe.convEndian(ZI)I @ 4 c2
Event: 0.809 Thread 0x0000018d93d74130 DEOPT PACKING pc=0x0000018d9efdfef4 sp=0x0000000d1d8fd820
Event: 0.809 Thread 0x0000018d93d74130 DEOPT UNPACKING pc=0x0000018d9ea769a3 sp=0x0000000d1d8fd750 mode 2
Event: 0.810 Thread 0x0000018d93d74130 Uncommon trap: trap_request=0xffffff45 fr.pc=0x0000018d9efe1fb8 relative=0x0000000000000038
Event: 0.810 Thread 0x0000018d93d74130 Uncommon trap: reason=unstable_if action=reinterpret pc=0x0000018d9efe1fb8 method=jdk.internal.misc.Unsafe.convEndian(ZI)I @ 4 c2
Event: 0.810 Thread 0x0000018d93d74130 DEOPT PACKING pc=0x0000018d9efe1fb8 sp=0x0000000d1d8fd7c0
Event: 0.810 Thread 0x0000018d93d74130 DEOPT UNPACKING pc=0x0000018d9ea769a3 sp=0x0000000d1d8fd758 mode 2
Event: 0.828 Thread 0x0000018d93d74130 DEOPT PACKING pc=0x0000018d975081e7 sp=0x0000000d1d8fd570
Event: 0.828 Thread 0x0000018d93d74130 DEOPT UNPACKING pc=0x0000018d9ea77143 sp=0x0000000d1d8fc990 mode 0
Event: 0.832 Thread 0x0000018d93d74130 DEOPT PACKING pc=0x0000018d97504ed1 sp=0x0000000d1d8fda10
Event: 0.832 Thread 0x0000018d93d74130 DEOPT UNPACKING pc=0x0000018d9ea77143 sp=0x0000000d1d8fce88 mode 0
Event: 0.848 Thread 0x0000018d93d74130 DEOPT PACKING pc=0x0000018d97588d3a sp=0x0000000d1d8fea80
Event: 0.848 Thread 0x0000018d93d74130 DEOPT UNPACKING pc=0x0000018d9ea77143 sp=0x0000000d1d8fdf10 mode 0

Classes unloaded (0 events):
No events

Classes redefined (0 events):
No events

Internal exceptions (20 events):
Event: 0.605 Thread 0x0000018d93d74130 Exception <a 'java/lang/NoSuchMethodError'{0x0000000087b35c40}: 'java.lang.Object java.lang.invoke.Invokers$Holder.invoke_MT(java.lang.Object, java.lang.Object, java.lang.Object)'> (0x0000000087b35c40) 
thrown [s\src\hotspot\share\interpreter\linkResolver.cpp, line 771]
Event: 0.612 Thread 0x0000018d93d74130 Exception <a 'java/lang/NoSuchMethodError'{0x0000000087b460e8}: 'void java.lang.invoke.DirectMethodHandle$Holder.invokeInterface(java.lang.Object, java.lang.Object, java.lang.Object)'> (0x0000000087b460e8) 
thrown [s\src\hotspot\share\interpreter\linkResolver.cpp, line 771]
Event: 0.613 Thread 0x0000018d93d74130 Exception <a 'java/lang/IncompatibleClassChangeError'{0x0000000087b49548}: Found class java.lang.Object, but interface was expected> (0x0000000087b49548) 
thrown [s\src\hotspot\share\interpreter\linkResolver.cpp, line 838]
Event: 0.613 Thread 0x0000018d93d74130 Exception <a 'java/lang/IncompatibleClassChangeError'{0x0000000087b4aa60}: Found class java.lang.Object, but interface was expected> (0x0000000087b4aa60) 
thrown [s\src\hotspot\share\interpreter\linkResolver.cpp, line 838]
Event: 0.613 Thread 0x0000018d93d74130 Exception <a 'java/lang/IncompatibleClassChangeError'{0x0000000087b4bb38}: Found class java.lang.Object, but interface was expected> (0x0000000087b4bb38) 
thrown [s\src\hotspot\share\interpreter\linkResolver.cpp, line 838]
Event: 0.613 Thread 0x0000018d93d74130 Exception <a 'java/lang/IncompatibleClassChangeError'{0x0000000087b4cfd8}: Found class java.lang.Object, but interface was expected> (0x0000000087b4cfd8) 
thrown [s\src\hotspot\share\interpreter\linkResolver.cpp, line 838]
Event: 0.613 Thread 0x0000018d93d74130 Exception <a 'java/lang/IncompatibleClassChangeError'{0x0000000087b4df70}: Found class java.lang.Object, but interface was expected> (0x0000000087b4df70) 
thrown [s\src\hotspot\share\interpreter\linkResolver.cpp, line 838]
Event: 0.614 Thread 0x0000018d93d74130 Exception <a 'java/lang/NoSuchMethodError'{0x0000000087b50c40}: 'void java.lang.invoke.DirectMethodHandle$Holder.invokeStatic(java.lang.Object, java.lang.Object)'> (0x0000000087b50c40) 
thrown [s\src\hotspot\share\interpreter\linkResolver.cpp, line 771]
Event: 0.614 Thread 0x0000018d93d74130 Exception <a 'java/lang/NoSuchMethodError'{0x0000000087b542b0}: 'void java.lang.invoke.DirectMethodHandle$Holder.invokeStaticInit(java.lang.Object, java.lang.Object)'> (0x0000000087b542b0) 
thrown [s\src\hotspot\share\interpreter\linkResolver.cpp, line 771]
Event: 0.631 Thread 0x0000018d93d74130 Exception <a 'java/lang/NoSuchMethodError'{0x0000000087b66e70}: 'java.lang.Object java.lang.invoke.DirectMethodHandle$Holder.invokeStaticInit(java.lang.Object)'> (0x0000000087b66e70) 
thrown [s\src\hotspot\share\interpreter\linkResolver.cpp, line 771]
Event: 0.696 Thread 0x0000018d93d74130 Exception <a 'java/lang/NoSuchMethodError'{0x0000000087be37b8}: 'java.lang.Object java.lang.invoke.DirectMethodHandle$Holder.invokeStaticInit(java.lang.Object, int, int, int, int)'> (0x0000000087be37b8) 
thrown [s\src\hotspot\share\interpreter\linkResolver.cpp, line 771]
Event: 0.761 Thread 0x0000018d93d74130 Exception <a 'java/lang/NoSuchMethodError'{0x0000000087ab1288}: 'java.lang.Object java.lang.invoke.DirectMethodHandle$Holder.invokeStaticInit(java.lang.Object, java.lang.Object, int, int, int, int)'> (0x0000000087ab1288) 
thrown [s\src\hotspot\share\interpreter\linkResolver.cpp, line 771]
Event: 0.885 Thread 0x0000018d93d74130 Exception <a 'java/lang/NoSuchMethodError'{0x000000008772adf8}: 'java.lang.Object java.lang.invoke.Invokers$Holder.linkToTargetMethod(java.lang.Object, long, java.lang.Object)'> (0x000000008772adf8) 
thrown [s\src\hotspot\share\interpreter\linkResolver.cpp, line 771]
Event: 0.955 Thread 0x0000018db258bf90 Exception <a 'java/lang/NoSuchMethodError'{0x0000000087523580}: static [B.<clinit>()V> (0x0000000087523580) 
thrown [s\src\hotspot\share\prims\jni.cpp, line 1122]
Event: 0.955 Thread 0x0000018db258e810 Exception <a 'java/lang/NoSuchMethodError'{0x000000008759cea8}: static [B.<clinit>()V> (0x000000008759cea8) 
thrown [s\src\hotspot\share\prims\jni.cpp, line 1122]
Event: 1.134 Thread 0x0000018db258bf90 Exception <a 'java/lang/NoSuchMethodError'{0x0000000087550fb0}: static [Ljava/rmi/server/ObjID;.<clinit>()V> (0x0000000087550fb0) 
thrown [s\src\hotspot\share\prims\jni.cpp, line 1122]
Event: 1.138 Thread 0x0000018db258c9b0 Exception <a 'java/lang/InterruptedException'{0x00000000875ee090}> (0x00000000875ee090) 
thrown [s\src\hotspot\share\runtime\objectMonitor.cpp, line 1658]
Event: 1.138 Thread 0x0000018db258bf90 Exception <a 'java/lang/NoSuchMethodError'{0x0000000087558998}: 'void java.lang.invoke.DirectMethodHandle$Holder.invokeSpecial(java.lang.Object, java.lang.Object, java.lang.Object)'> (0x0000000087558998) 
thrown [s\src\hotspot\share\interpreter\linkResolver.cpp, line 771]
Event: 1.138 Thread 0x0000018db258bf90 Exception <a 'java/lang/NoSuchMethodError'{0x000000008755bf00}: 'void java.lang.invoke.Invokers$Holder.invoke_MT(java.lang.Object, java.lang.Object, java.lang.Object)'> (0x000000008755bf00) 
thrown [s\src\hotspot\share\interpreter\linkResolver.cpp, line 771]
Event: 1.138 Thread 0x0000018db258c9b0 Exception <a 'java/lang/NoSuchMethodError'{0x00000000875f6830}: 'java.lang.Object java.lang.invoke.DirectMethodHandle$Holder.newInvokeSpecial(java.lang.Object, java.lang.Object, int, java.lang.Object, long)'> (0x00000000875f6830) 
thrown [s\src\hotspot\share\interpreter\linkResolver.cpp, line 771]

VM Operations (6 events):
Event: 0.354 Executing VM operation: HandshakeAllThreads
Event: 0.354 Executing VM operation: HandshakeAllThreads done
Event: 0.508 Executing VM operation: HandshakeAllThreads
Event: 0.508 Executing VM operation: HandshakeAllThreads done
Event: 0.619 Executing VM operation: HandshakeAllThreads
Event: 0.619 Executing VM operation: HandshakeAllThreads done

Events (20 events):
Event: 1.220 loading class java/time/chrono/ChronoPeriod done
Event: 1.220 loading class java/time/Period done
Event: 1.221 loading class java/util/regex/Pattern$BitClass
Event: 1.221 loading class java/util/regex/Pattern$BitClass done
Event: 1.222 loading class java/time/temporal/TemporalQueries
Event: 1.222 loading class java/time/temporal/TemporalQueries done
Event: 1.222 loading class java/time/temporal/TemporalQueries$1
Event: 1.222 loading class java/time/temporal/TemporalQueries$1 done
Event: 1.222 loading class java/time/temporal/TemporalQueries$2
Event: 1.222 loading class java/time/temporal/TemporalQueries$2 done
Event: 1.222 loading class java/time/temporal/TemporalQueries$3
Event: 1.222 loading class java/time/temporal/TemporalQueries$3 done
Event: 1.222 loading class java/time/temporal/TemporalQueries$4
Event: 1.222 loading class java/time/temporal/TemporalQueries$4 done
Event: 1.222 loading class java/time/temporal/TemporalQueries$5
Event: 1.222 loading class java/time/temporal/TemporalQueries$5 done
Event: 1.222 loading class java/time/temporal/TemporalQueries$6
Event: 1.222 loading class java/time/temporal/TemporalQueries$6 done
Event: 1.222 loading class java/time/temporal/TemporalQueries$7
Event: 1.222 loading class java/time/temporal/TemporalQueries$7 done


Dynamic libraries:
0x00007ff778d30000 - 0x00007ff778d3a000 	D:\Program Files\JetBrains\IntelliJ IDEA 2023.2.5\jbr\bin\java.exe
0x00007ffa29db0000 - 0x00007ffa29fa8000 	C:\WINDOWS\SYSTEM32\ntdll.dll
0x00007ffa28b90000 - 0x00007ffa28c4d000 	C:\WINDOWS\System32\KERNEL32.DLL
0x00007ffa27460000 - 0x00007ffa27756000 	C:\WINDOWS\System32\KERNELBASE.dll
0x00007ffa278f0000 - 0x00007ffa279f0000 	C:\WINDOWS\System32\ucrtbase.dll
0x00007ffa18490000 - 0x00007ffa184a7000 	D:\Program Files\JetBrains\IntelliJ IDEA 2023.2.5\jbr\bin\jli.dll
0x00007ffa1bbb0000 - 0x00007ffa1bbcb000 	D:\Program Files\JetBrains\IntelliJ IDEA 2023.2.5\jbr\bin\VCRUNTIME140.dll
0x00007ffa29200000 - 0x00007ffa2939f000 	C:\WINDOWS\System32\USER32.dll
0x00007ffa279f0000 - 0x00007ffa27a12000 	C:\WINDOWS\System32\win32u.dll
0x00007ffa0eb20000 - 0x00007ffa0edba000 	C:\WINDOWS\WinSxS\amd64_microsoft.windows.common-controls_6595b64144ccf1df_6.0.19041.4355_none_60b8b9eb71f62e16\COMCTL32.dll
0x00007ffa29010000 - 0x00007ffa2903b000 	C:\WINDOWS\System32\GDI32.dll
0x00007ffa295e0000 - 0x00007ffa2967e000 	C:\WINDOWS\System32\msvcrt.dll
0x00007ffa27b40000 - 0x00007ffa27c57000 	C:\WINDOWS\System32\gdi32full.dll
0x00007ffa27d40000 - 0x00007ffa27ddd000 	C:\WINDOWS\System32\msvcp_win.dll
0x00007ffa29040000 - 0x00007ffa29072000 	C:\WINDOWS\System32\IMM32.DLL
0x00007ffa25bc0000 - 0x00007ffa25bcc000 	D:\Program Files\JetBrains\IntelliJ IDEA 2023.2.5\jbr\bin\vcruntime140_1.dll
0x00007ffa08b10000 - 0x00007ffa08b9d000 	D:\Program Files\JetBrains\IntelliJ IDEA 2023.2.5\jbr\bin\msvcp140.dll
0x00007ff9c5530000 - 0x00007ff9c61b2000 	D:\Program Files\JetBrains\IntelliJ IDEA 2023.2.5\jbr\bin\server\jvm.dll
0x00007ffa28e70000 - 0x00007ffa28f20000 	C:\WINDOWS\System32\ADVAPI32.dll
0x00007ffa28af0000 - 0x00007ffa28b90000 	C:\WINDOWS\System32\sechost.dll
0x00007ffa297b0000 - 0x00007ffa298d3000 	C:\WINDOWS\System32\RPCRT4.dll
0x00007ffa27760000 - 0x00007ffa27787000 	C:\WINDOWS\System32\bcrypt.dll
0x00007ffa269e0000 - 0x00007ffa26a2b000 	C:\WINDOWS\SYSTEM32\POWRPROF.dll
0x00007ffa1c100000 - 0x00007ffa1c109000 	C:\WINDOWS\SYSTEM32\WSOCK32.dll
0x00007ffa1c6a0000 - 0x00007ffa1c6c7000 	C:\WINDOWS\SYSTEM32\WINMM.dll
0x00007ffa28d30000 - 0x00007ffa28d9b000 	C:\WINDOWS\System32\WS2_32.dll
0x00007ffa25b70000 - 0x00007ffa25b7a000 	C:\WINDOWS\SYSTEM32\VERSION.dll
0x00007ffa26850000 - 0x00007ffa26862000 	C:\WINDOWS\SYSTEM32\UMPDC.dll
0x00007ffa25ca0000 - 0x00007ffa25cb2000 	C:\WINDOWS\SYSTEM32\kernel.appcore.dll
0x00007ffa22cd0000 - 0x00007ffa22cda000 	D:\Program Files\JetBrains\IntelliJ IDEA 2023.2.5\jbr\bin\jimage.dll
0x00007ffa1a400000 - 0x00007ffa1a5e4000 	C:\WINDOWS\SYSTEM32\DBGHELP.DLL
0x00007ffa1a350000 - 0x00007ffa1a384000 	C:\WINDOWS\SYSTEM32\dbgcore.DLL
0x00007ffa27c60000 - 0x00007ffa27ce2000 	C:\WINDOWS\System32\bcryptPrimitives.dll
0x00007ffa184b0000 - 0x00007ffa184d5000 	D:\Program Files\JetBrains\IntelliJ IDEA 2023.2.5\jbr\bin\java.dll
0x00007ffa18470000 - 0x00007ffa18488000 	D:\Program Files\JetBrains\IntelliJ IDEA 2023.2.5\jbr\bin\zip.dll
0x00007ffa27f10000 - 0x00007ffa2867d000 	C:\WINDOWS\System32\SHELL32.dll
0x00007ffa25320000 - 0x00007ffa25abd000 	C:\WINDOWS\SYSTEM32\windows.storage.dll
0x00007ffa29a10000 - 0x00007ffa29d63000 	C:\WINDOWS\System32\combase.dll
0x00007ffa26e80000 - 0x00007ffa26eae000 	C:\WINDOWS\SYSTEM32\Wldp.dll
0x00007ffa28da0000 - 0x00007ffa28e6d000 	C:\WINDOWS\System32\OLEAUT32.dll
0x00007ffa29680000 - 0x00007ffa2972d000 	C:\WINDOWS\System32\SHCORE.dll
0x00007ffa29080000 - 0x00007ffa290d5000 	C:\WINDOWS\System32\shlwapi.dll
0x00007ffa27390000 - 0x00007ffa273b4000 	C:\WINDOWS\SYSTEM32\profapi.dll
0x00007ffa18450000 - 0x00007ffa18469000 	D:\Program Files\JetBrains\IntelliJ IDEA 2023.2.5\jbr\bin\net.dll
0x00007ffa1ef10000 - 0x00007ffa1f01a000 	C:\WINDOWS\SYSTEM32\WINHTTP.dll
0x00007ffa26be0000 - 0x00007ffa26c4a000 	C:\WINDOWS\system32\mswsock.dll
0x00007ffa18430000 - 0x00007ffa18446000 	D:\Program Files\JetBrains\IntelliJ IDEA 2023.2.5\jbr\bin\nio.dll
0x00007ffa26870000 - 0x00007ffa268ab000 	C:\WINDOWS\SYSTEM32\IPHLPAPI.DLL
0x00007ffa27f00000 - 0x00007ffa27f08000 	C:\WINDOWS\System32\NSI.dll
0x00007ffa205f0000 - 0x00007ffa20607000 	C:\WINDOWS\SYSTEM32\dhcpcsvc6.DLL
0x00007ffa20590000 - 0x00007ffa205ad000 	C:\WINDOWS\SYSTEM32\dhcpcsvc.DLL
0x00007ffa268b0000 - 0x00007ffa2697b000 	C:\WINDOWS\SYSTEM32\DNSAPI.dll
0x00007ffa26dd0000 - 0x00007ffa26de8000 	C:\WINDOWS\SYSTEM32\CRYPTSP.dll
0x00007ffa26490000 - 0x00007ffa264c4000 	C:\WINDOWS\system32\rsaenh.dll
0x00007ffa27340000 - 0x00007ffa2736e000 	C:\WINDOWS\SYSTEM32\USERENV.dll
0x00007ffa26df0000 - 0x00007ffa26dfc000 	C:\WINDOWS\SYSTEM32\CRYPTBASE.dll
0x00007ffa1bba0000 - 0x00007ffa1bba9000 	D:\Program Files\JetBrains\IntelliJ IDEA 2023.2.5\jbr\bin\extnet.dll
0x00007ffa20240000 - 0x00007ffa20247000 	D:\Program Files\JetBrains\IntelliJ IDEA 2023.2.5\jbr\bin\rmi.dll

dbghelp: loaded successfully - version: 4.0.5 - missing functions: none
symbol engine: initialized successfully - sym options: 0x614 - pdb path: .;D:\Program Files\JetBrains\IntelliJ IDEA 2023.2.5\jbr\bin;C:\WINDOWS\SYSTEM32;C:\WINDOWS\WinSxS\amd64_microsoft.windows.common-controls_6595b64144ccf1df_6.0.19041.4355_none_60b8b9eb71f62e16;D:\Program Files\JetBrains\IntelliJ IDEA 2023.2.5\jbr\bin\server

VM Arguments:
jvm_args: -Djava.rmi.server.hostname=127.0.0.1 -Duser.timezone=UTC -Xmx2048m -Xms128m -Djdbc.classpath=D:\Program Files\JetBrains\IntelliJ IDEA 2023.2.5\plugins\DatabaseTools\lib\jdbc-console.jar;C:\Users\TungV\AppData\Roaming\JetBrains\IntelliJIdea2024.1\jdbc-drivers\MySQL ConnectorJ\8.2.0\com\mysql\mysql-connector-j\8.2.0\mysql-connector-j-8.2.0.jar;C:\Users\TungV\AppData\Roaming\JetBrains\IntelliJIdea2024.1\jdbc-drivers\MySQL ConnectorJ\8.2.0\com\google\protobuf\protobuf-java\3.21.9\protobuf-java-3.21.9.jar --add-exports=java.desktop/sun.awt=ALL-UNNAMED --add-exports=java.desktop/java.awt.peer=ALL-UNNAMED --add-opens=java.desktop/java.awt=ALL-UNNAMED --add-opens=jdk.unsupported/sun.misc=ALL-UNNAMED --add-opens=java.base/java.nio=ALL-UNNAMED --add-opens=java.base/java.util=ALL-UNNAMED -Dfile.encoding=UTF-8 
java_command: com.intellij.database.remote.RemoteJdbcServer com.mysql.cj.jdbc.Driver
java_class_path (initial): D:\Program Files\JetBrains\IntelliJ IDEA 2023.2.5\lib\util_rt.jar;D:\Program Files\JetBrains\IntelliJ IDEA 2023.2.5\lib\util-8.jar;D:\Program Files\JetBrains\IntelliJ IDEA 2023.2.5\lib\groovy.jar;D:\Program Files\JetBrains\IntelliJ IDEA 2023.2.5\plugins\DatabaseTools\lib\jdbc-console.jar;D:\Program Files\JetBrains\IntelliJ IDEA 2023.2.5\plugins\grid-core-impl\lib\jdbc-console-types.jar;D:\Program Files\JetBrains\IntelliJ IDEA 2023.2.5\lib\util.jar
Launcher Type: SUN_STANDARD

[Global flags]
     intx CICompilerCount                          = 4                                         {product} {ergonomic}
     uint ConcGCThreads                            = 2                                         {product} {ergonomic}
     uint G1ConcRefinementThreads                  = 8                                         {product} {ergonomic}
   size_t G1HeapRegionSize                         = 1048576                                   {product} {ergonomic}
    uintx GCDrainStackTargetSize                   = 64                                        {product} {ergonomic}
   size_t InitialHeapSize                          = 134217728                                 {product} {command line}
   size_t MarkStackSize                            = 4194304                                   {product} {ergonomic}
   size_t MaxHeapSize                              = 2147483648                                {product} {command line}
   size_t MaxNewSize                               = 1287651328                                {product} {ergonomic}
   size_t MinHeapDeltaBytes                        = 1048576                                   {product} {ergonomic}
   size_t MinHeapSize                              = 134217728                                 {product} {command line}
    uintx NonNMethodCodeHeapSize                   = 5839372                                {pd product} {ergonomic}
    uintx NonProfiledCodeHeapSize                  = 122909434                              {pd product} {ergonomic}
    uintx ProfiledCodeHeapSize                     = 122909434                              {pd product} {ergonomic}
    uintx ReservedCodeCacheSize                    = 251658240                              {pd product} {ergonomic}
     bool SegmentedCodeCache                       = true                                      {product} {ergonomic}
   size_t SoftMaxHeapSize                          = 2147483648                             {manageable} {ergonomic}
     bool UseCompressedClassPointers               = true                           {product lp64_product} {ergonomic}
     bool UseCompressedOops                        = true                           {product lp64_product} {ergonomic}
     bool UseG1GC                                  = true                                      {product} {ergonomic}
     bool UseLargePagesIndividualAllocation        = false                                  {pd product} {ergonomic}

Logging:
Log output configuration:
 #0: stdout all=warning uptime,level,tags
 #1: stderr all=off uptime,level,tags

Environment Variables:
PATH=C:\Program Files\Common Files\Oracle\Java\javapath;C:\Windows\system32;C:\Windows;C:\Windows\System32\Wbem;C:\Windows\System32\WindowsPowerShell\v1.0\;C:\Program Files\Microsoft SQL Server\150\Tools\Binn\;C:\Program Files\Microsoft SQL Server\Client SDK\ODBC\170\Tools\Binn\;C:\WINDOWS\system32;C:\WINDOWS;C:\WINDOWS\System32\Wbem;C:\WINDOWS\System32\WindowsPowerShell\v1.0\;C:\WINDOWS\System32\OpenSSH\;C:\Program Files\Git\cmd;C:\ProgramData\chocolatey\bin;C:\Program Files\nodejs\;C:\Program Files\Cloudflare\Cloudflare WARP\;C:\Program Files\dotnet\;C:\Program Files\MySQL\MySQL Shell 8.0\bin\;C:\Users\TungV\AppData\Local\Microsoft\WindowsApps;C:\Users\TungV\AppData\Local\Programs\Microsoft VS Code\bin;C:\Users\TungV\AppData\Roaming\npm;D:\Program Files\JetBrains\IntelliJ IDEA 2023.2.5\bin;;C:\Users\TungV\.dotnet\tools
USERNAME=TungV
OS=Windows_NT
PROCESSOR_IDENTIFIER=Intel64 Family 6 Model 58 Stepping 9, GenuineIntel
TMP=C:\Users\TungV\AppData\Local\Temp
TEMP=C:\Users\TungV\AppData\Local\Temp



Periodic native trim disabled

JNI global refs:
JNI global refs: 17, weak refs: 0

JNI global refs memory usage: 843, weak refs: 209

OOME stack traces (most recent first):
Classloader memory used:
Loader bootstrap                                                                       : 1530K
Loader jdk.internal.loader.ClassLoaders$AppClassLoader                                 : 65639B
Loader jdk.internal.reflect.DelegatingClassLoader                                      : 9389B
Loader jdk.internal.loader.ClassLoaders$PlatformClassLoader                            : 7803B
Loader com.intellij.database.remote.jdbc.impl.JdbcClassLoader$JdbcClassLoaderImpl      : 4426B


---------------  S Y S T E M  ---------------

OS:
 Windows 10 , 64 bit Build 19041 (10.0.19041.3636)
OS uptime: 1 days 18:54 hours

CPU: total 8 (initial active 8) (4 cores per cpu, 2 threads per core) family 6 model 58 stepping 9 microcode 0x21, cx8, cmov, fxsr, ht, mmx, sse, sse2, sse3, ssse3, sse4.1, sse4.2, popcnt, tsc, tscinvbit, avx, aes, erms, clmul, vzeroupper, clflush
Processor Information for all 8 processors :
  Max Mhz: 2601, Current Mhz: 2601, Mhz Limit: 2601

Memory: 4k page, system-wide physical 12219M (2843M free)
TotalPageFile size 14267M (AvailPageFile size 6M)
current process WorkingSet (physical memory assigned to process): 67M, peak: 67M
current process commit charge ("private bytes"): 224M, peak: 226M

vm_info: OpenJDK 64-Bit Server VM (17.0.10+8-b1207.12) for windows-amd64 JRE (17.0.10+8-b1207.12), built on 2024-03-15 by "builduser" with MS VC++ 16.10 / 16.11 (VS2019)

END.
