2024-06-05T21:13:43.420+09:00  INFO 4168 --- [ecommerce] [main] com.main.ra.EcommerceApplication         : Starting EcommerceApplication using Java 17.0.10 with PID 4168 (G:\GG Driver\02. Academy\Rikei\Full-stack course\02. Projects\06.Final project\Module_5\E-Commerce\Ecommerce\build\classes\java\main started by TungV in G:\GG Driver\02. Academy\Rikei\Full-stack course\02. Projects\06.Final project\Module_5\E-Commerce\Ecommerce)
2024-06-05T21:13:43.429+09:00  INFO 4168 --- [ecommerce] [main] com.main.ra.EcommerceApplication         : No active profile set, falling back to 1 default profile: "default"
2024-06-05T21:13:47.019+09:00  INFO 4168 --- [ecommerce] [main] .s.d.r.c.RepositoryConfigurationDelegate : Bootstrapping Spring Data JPA repositories in DEFAULT mode.
2024-06-05T21:13:47.157+09:00  INFO 4168 --- [ecommerce] [main] .s.d.r.c.RepositoryConfigurationDelegate : Finished Spring Data repository scanning in 125 ms. Found 10 JPA repository interfaces.
2024-06-05T21:13:48.071+09:00  INFO 4168 --- [ecommerce] [main] o.s.b.w.embedded.tomcat.TomcatWebServer  : Tomcat initialized with port 8088 (http)
2024-06-05T21:13:48.090+09:00  INFO 4168 --- [ecommerce] [main] o.apache.catalina.core.StandardService   : Starting service [Tomcat]
2024-06-05T21:13:48.091+09:00  INFO 4168 --- [ecommerce] [main] o.apache.catalina.core.StandardEngine    : Starting Servlet engine: [Apache Tomcat/10.1.19]
2024-06-05T21:13:48.221+09:00  INFO 4168 --- [ecommerce] [main] o.a.c.c.C.[Tomcat].[localhost].[/]       : Initializing Spring embedded WebApplicationContext
2024-06-05T21:13:48.222+09:00  INFO 4168 --- [ecommerce] [main] w.s.c.ServletWebServerApplicationContext : Root WebApplicationContext: initialization completed in 4723 ms
2024-06-05T21:13:48.417+09:00  INFO 4168 --- [ecommerce] [main] com.zaxxer.hikari.HikariDataSource       : HikariPool-1 - Starting...
2024-06-05T21:13:48.833+09:00  INFO 4168 --- [ecommerce] [main] com.zaxxer.hikari.pool.HikariPool        : HikariPool-1 - Added connection com.mysql.cj.jdbc.ConnectionImpl@6eda012b
2024-06-05T21:13:48.837+09:00  INFO 4168 --- [ecommerce] [main] com.zaxxer.hikari.HikariDataSource       : HikariPool-1 - Start completed.
2024-06-05T21:13:48.898+09:00  INFO 4168 --- [ecommerce] [main] o.hibernate.jpa.internal.util.LogHelper  : HHH000204: Processing PersistenceUnitInfo [name: default]
2024-06-05T21:13:49.033+09:00  INFO 4168 --- [ecommerce] [main] org.hibernate.Version                    : HHH000412: Hibernate ORM core version 6.4.4.Final
2024-06-05T21:13:49.107+09:00  INFO 4168 --- [ecommerce] [main] o.h.c.internal.RegionFactoryInitiator    : HHH000026: Second-level cache disabled
2024-06-05T21:13:49.694+09:00  INFO 4168 --- [ecommerce] [main] o.s.o.j.p.SpringPersistenceUnitInfo      : No LoadTimeWeaver setup: ignoring JPA class transformer
2024-06-05T21:13:49.840+09:00  WARN 4168 --- [ecommerce] [main] org.hibernate.orm.deprecation            : HHH90000025: MySQLDialect does not need to be specified explicitly using 'hibernate.dialect' (remove the property setting and it will be selected by default)
2024-06-05T21:13:51.666+09:00  INFO 4168 --- [ecommerce] [main] o.h.e.t.j.p.i.JtaPlatformInitiator       : HHH000489: No JTA platform available (set 'hibernate.transaction.jta.platform' to enable JTA platform integration)
2024-06-05T21:13:51.670+09:00  INFO 4168 --- [ecommerce] [main] j.LocalContainerEntityManagerFactoryBean : Initialized JPA EntityManagerFactory for persistence unit 'default'
2024-06-05T21:13:52.746+09:00  WARN 4168 --- [ecommerce] [main] JpaBaseConfiguration$JpaWebConfiguration : spring.jpa.open-in-view is enabled by default. Therefore, database queries may be performed during view rendering. Explicitly configure spring.jpa.open-in-view to disable this warning
2024-06-05T21:13:53.187+09:00  INFO 4168 --- [ecommerce] [main] o.s.s.web.DefaultSecurityFilterChain     : Will secure any request with [org.springframework.security.web.session.DisableEncodeUrlFilter@362fbd98, org.springframework.security.web.context.request.async.WebAsyncManagerIntegrationFilter@11e36e5c, org.springframework.security.web.context.SecurityContextHolderFilter@268eefe7, org.springframework.security.web.header.HeaderWriterFilter@34a06981, org.springframework.security.web.authentication.logout.LogoutFilter@64d0b8e3, com.main.ra.config.JwtFilterConfig@2226fd2b, org.springframework.security.web.savedrequest.RequestCacheAwareFilter@61c98f5, org.springframework.security.web.servletapi.SecurityContextHolderAwareRequestFilter@4cce889e, org.springframework.security.web.authentication.AnonymousAuthenticationFilter@2620264e, org.springframework.security.web.session.SessionManagementFilter@6ea1fc9, org.springframework.security.web.access.ExceptionTranslationFilter@2297c8bf, org.springframework.security.web.access.intercept.FilterSecurityInterceptor@e9c5db9]
2024-06-05T21:13:53.591+09:00  INFO 4168 --- [ecommerce] [main] o.s.b.w.embedded.tomcat.TomcatWebServer  : Tomcat started on port 8088 (http) with context path ''
2024-06-05T21:13:53.602+09:00  INFO 4168 --- [ecommerce] [main] com.main.ra.EcommerceApplication         : Started EcommerceApplication in 10.967 seconds (process running for 12.078)
2024-06-05T21:17:22.606+09:00  INFO 4168 --- [ecommerce] [SpringApplicationShutdownHook] j.LocalContainerEntityManagerFactoryBean : Closing JPA EntityManagerFactory for persistence unit 'default'
2024-06-05T21:17:22.609+09:00  INFO 4168 --- [ecommerce] [SpringApplicationShutdownHook] com.zaxxer.hikari.HikariDataSource       : HikariPool-1 - Shutdown initiated...
2024-06-05T21:17:22.618+09:00  INFO 4168 --- [ecommerce] [SpringApplicationShutdownHook] com.zaxxer.hikari.HikariDataSource       : HikariPool-1 - Shutdown completed.
